[ 2018-07-16T01:23:15+08:00 ] 127.0.0.1 /zuoye/TP/img/index.php/Home/Index/show.html
ERR: syntax error, unexpected '$this' (T_VARIABLE)

[ 2018-07-16T01:25:12+08:00 ] 127.0.0.1 /zuoye/TP/img/index.php/Home/Index/show.html
INFO: [ app_init ] --START--
INFO: Run Behavior\BuildLiteBehavior [ RunTime:0.000017s ]
INFO: [ app_init ] --END-- [ RunTime:0.000319s ]
INFO: [ app_begin ] --START--
INFO: Run Behavior\ReadHtmlCacheBehavior [ RunTime:0.000540s ]
INFO: [ app_begin ] --END-- [ RunTime:0.000613s ]
NOTIC: [2] Declaration of Home\Controller\IndexController::show() should be compatible with Think\Controller::show($content, $charset = '', $contentType = '', $prefix = '') D:\wamp4\www\zuoye\TP\img\Img\Home\Controller\IndexController.class.php 第 89 行.
SQL: SHOW COLUMNS FROM `shop` [ RunTime:0.0005s ]
SQL: SELECT * FROM `shop` ORDER BY id  [ RunTime:0.0003s ]
INFO: [ view_parse ] --START--
INFO: [ template_filter ] --START--
INFO: Run Behavior\ContentReplaceBehavior [ RunTime:0.000039s ]
INFO: [ template_filter ] --END-- [ RunTime:0.000128s ]
INFO: Run Behavior\ParseTemplateBehavior [ RunTime:0.005631s ]
INFO: [ view_parse ] --END-- [ RunTime:0.005727s ]
INFO: [ view_filter ] --START--
INFO: Run Behavior\WriteHtmlCacheBehavior [ RunTime:0.000390s ]
INFO: [ view_filter ] --END-- [ RunTime:0.000467s ]
INFO: [ app_end ] --START--
INFO: Run Behavior\ShowPageTraceBehavior [ RunTime:0.000444s ]
INFO: [ app_end ] --END-- [ RunTime:0.000508s ]

[ 2018-07-16T01:28:38+08:00 ] 127.0.0.1 /zuoye/TP/img/index.php/Home/Index/show.html
INFO: [ app_init ] --START--
INFO: Run Behavior\BuildLiteBehavior [ RunTime:0.000027s ]
INFO: [ app_init ] --END-- [ RunTime:0.000537s ]
INFO: [ app_begin ] --START--
INFO: Run Behavior\ReadHtmlCacheBehavior [ RunTime:0.000571s ]
INFO: [ app_begin ] --END-- [ RunTime:0.000647s ]
NOTIC: [2] Declaration of Home\Controller\IndexController::show() should be compatible with Think\Controller::show($content, $charset = '', $contentType = '', $prefix = '') D:\wamp4\www\zuoye\TP\img\Img\Home\Controller\IndexController.class.php 第 89 行.
SQL: SHOW COLUMNS FROM `shop` [ RunTime:0.0005s ]
SQL: SELECT * FROM `shop` ORDER BY id  [ RunTime:0.0003s ]
INFO: [ view_parse ] --START--
INFO: [ template_filter ] --START--
INFO: Run Behavior\ContentReplaceBehavior [ RunTime:0.000042s ]
INFO: [ template_filter ] --END-- [ RunTime:0.000123s ]
INFO: Run Behavior\ParseTemplateBehavior [ RunTime:0.420994s ]
INFO: [ view_parse ] --END-- [ RunTime:0.421132s ]
INFO: [ view_filter ] --START--
INFO: Run Behavior\WriteHtmlCacheBehavior [ RunTime:0.000617s ]
INFO: [ view_filter ] --END-- [ RunTime:0.000715s ]
INFO: [ app_end ] --START--
INFO: Run Behavior\ShowPageTraceBehavior [ RunTime:0.000806s ]
INFO: [ app_end ] --END-- [ RunTime:0.000913s ]

[ 2018-07-16T01:29:22+08:00 ] 127.0.0.1 /zuoye/TP/img/index.php/Home/Index/show.html
INFO: [ app_init ] --START--
INFO: Run Behavior\BuildLiteBehavior [ RunTime:0.000020s ]
INFO: [ app_init ] --END-- [ RunTime:0.000371s ]
INFO: [ app_begin ] --START--
INFO: Run Behavior\ReadHtmlCacheBehavior [ RunTime:0.000582s ]
INFO: [ app_begin ] --END-- [ RunTime:0.000661s ]
NOTIC: [2] Declaration of Home\Controller\IndexController::show() should be compatible with Think\Controller::show($content, $charset = '', $contentType = '', $prefix = '') D:\wamp4\www\zuoye\TP\img\Img\Home\Controller\IndexController.class.php 第 89 行.
SQL: SHOW COLUMNS FROM `shop` [ RunTime:0.0005s ]
SQL: SELECT * FROM `shop` ORDER BY id  [ RunTime:0.0003s ]
INFO: [ view_parse ] --START--
INFO: [ template_filter ] --START--
INFO: Run Behavior\ContentReplaceBehavior [ RunTime:0.000039s ]
INFO: [ template_filter ] --END-- [ RunTime:0.000119s ]
INFO: Run Behavior\ParseTemplateBehavior [ RunTime:0.015388s ]
INFO: [ view_parse ] --END-- [ RunTime:0.015489s ]
INFO: [ view_filter ] --START--
INFO: Run Behavior\WriteHtmlCacheBehavior [ RunTime:0.000389s ]
INFO: [ view_filter ] --END-- [ RunTime:0.000465s ]
INFO: [ app_end ] --START--
INFO: Run Behavior\ShowPageTraceBehavior [ RunTime:0.000458s ]
INFO: [ app_end ] --END-- [ RunTime:0.000525s ]

[ 2018-07-16T01:29:46+08:00 ] 127.0.0.1 /zuoye/TP/img/index.php/Home/Index/show.html
INFO: [ app_init ] --START--
INFO: Run Behavior\BuildLiteBehavior [ RunTime:0.000023s ]
INFO: [ app_init ] --END-- [ RunTime:0.000442s ]
INFO: [ app_begin ] --START--
INFO: Run Behavior\ReadHtmlCacheBehavior [ RunTime:0.000731s ]
INFO: [ app_begin ] --END-- [ RunTime:0.000836s ]
NOTIC: [2] Declaration of Home\Controller\IndexController::show() should be compatible with Think\Controller::show($content, $charset = '', $contentType = '', $prefix = '') D:\wamp4\www\zuoye\TP\img\Img\Home\Controller\IndexController.class.php 第 89 行.
SQL: SHOW COLUMNS FROM `shop` [ RunTime:0.0004s ]
SQL: SELECT * FROM `shop` ORDER BY id  [ RunTime:0.0002s ]
INFO: [ view_parse ] --START--
INFO: [ template_filter ] --START--
INFO: Run Behavior\ContentReplaceBehavior [ RunTime:0.000040s ]
INFO: [ template_filter ] --END-- [ RunTime:0.000121s ]
INFO: Run Behavior\ParseTemplateBehavior [ RunTime:0.019979s ]
INFO: [ view_parse ] --END-- [ RunTime:0.020096s ]
INFO: [ view_filter ] --START--
INFO: Run Behavior\WriteHtmlCacheBehavior [ RunTime:0.000405s ]
INFO: [ view_filter ] --END-- [ RunTime:0.000484s ]
INFO: [ app_end ] --START--
INFO: Run Behavior\ShowPageTraceBehavior [ RunTime:0.000458s ]
INFO: [ app_end ] --END-- [ RunTime:0.000526s ]

[ 2018-07-16T01:48:10+08:00 ] 127.0.0.1 /zuoye/TP/img/index.php/Home/Index/show.html
INFO: [ app_init ] --START--
INFO: Run Behavior\BuildLiteBehavior [ RunTime:0.000017s ]
INFO: [ app_init ] --END-- [ RunTime:0.000360s ]
INFO: [ app_begin ] --START--
INFO: Run Behavior\ReadHtmlCacheBehavior [ RunTime:0.000570s ]
INFO: [ app_begin ] --END-- [ RunTime:0.000645s ]
ERR: syntax error, unexpected 'dump' (T_STRING)

[ 2018-07-16T01:48:21+08:00 ] 127.0.0.1 /zuoye/TP/img/index.php/Home/Index/show.html
INFO: [ app_init ] --START--
INFO: Run Behavior\BuildLiteBehavior [ RunTime:0.000016s ]
INFO: [ app_init ] --END-- [ RunTime:0.000312s ]
INFO: [ app_begin ] --START--
INFO: Run Behavior\ReadHtmlCacheBehavior [ RunTime:0.000867s ]
INFO: [ app_begin ] --END-- [ RunTime:0.000988s ]
NOTIC: [2] Declaration of Home\Controller\IndexController::show() should be compatible with Think\Controller::show($content, $charset = '', $contentType = '', $prefix = '') D:\wamp4\www\zuoye\TP\img\Img\Home\Controller\IndexController.class.php 第 104 行.
SQL: SHOW COLUMNS FROM `shop` [ RunTime:0.0006s ]
ERR: Think\Model:filed方法不存在！

[ 2018-07-16T01:49:10+08:00 ] 127.0.0.1 /zuoye/TP/img/index.php/Home/Index/show.html
INFO: [ app_init ] --START--
INFO: Run Behavior\BuildLiteBehavior [ RunTime:0.000025s ]
INFO: [ app_init ] --END-- [ RunTime:0.000383s ]
INFO: [ app_begin ] --START--
INFO: Run Behavior\ReadHtmlCacheBehavior [ RunTime:0.000574s ]
INFO: [ app_begin ] --END-- [ RunTime:0.000654s ]
NOTIC: [2] Declaration of Home\Controller\IndexController::show() should be compatible with Think\Controller::show($content, $charset = '', $contentType = '', $prefix = '') D:\wamp4\www\zuoye\TP\img\Img\Home\Controller\IndexController.class.php 第 104 行.
SQL: SHOW COLUMNS FROM `shop` [ RunTime:0.0005s ]
SQL: SHOW COLUMNS FROM `shop` [ RunTime:0.0006s ]
SQL: SELECT s.id as aid,s.shopname as nm,m.id,m.imgpath FROM shop s left join shopimg as m on s.id=m.sid and m.start = 1   [ RunTime:0.1103s ]
ERR: 1103:Incorrect table name ''
 [ SQL语句 ] : SELECT * FROM `` ORDER BY id 
ERR: 1103:Incorrect table name ''
 [ SQL语句 ] : SELECT * FROM `` ORDER BY id 

[ 2018-07-16T01:49:51+08:00 ] 127.0.0.1 /zuoye/TP/img/index.php/Home/Index/show.html
INFO: [ app_init ] --START--
INFO: Run Behavior\BuildLiteBehavior [ RunTime:0.000028s ]
INFO: [ app_init ] --END-- [ RunTime:0.000655s ]
INFO: [ app_begin ] --START--
INFO: Run Behavior\ReadHtmlCacheBehavior [ RunTime:0.000575s ]
INFO: [ app_begin ] --END-- [ RunTime:0.000652s ]
NOTIC: [2] Declaration of Home\Controller\IndexController::show() should be compatible with Think\Controller::show($content, $charset = '', $contentType = '', $prefix = '') D:\wamp4\www\zuoye\TP\img\Img\Home\Controller\IndexController.class.php 第 105 行.
SQL: SHOW COLUMNS FROM `shop` [ RunTime:0.0008s ]
SQL: SHOW COLUMNS FROM `shop` [ RunTime:0.0006s ]
SQL: SELECT s.id as aid,s.shopname as nm,m.id,m.imgpath FROM shop s left join shopimg as m on s.id=m.sid and m.start = 1  ORDER BY s.id  [ RunTime:0.0040s ]
ERR: 1103:Incorrect table name ''
 [ SQL语句 ] : SELECT * FROM `` ORDER BY id 
ERR: 1103:Incorrect table name ''
 [ SQL语句 ] : SELECT * FROM `` ORDER BY id 

[ 2018-07-16T01:50:02+08:00 ] 127.0.0.1 /zuoye/TP/img/index.php/Home/Index/show.html
INFO: [ app_init ] --START--
INFO: Run Behavior\BuildLiteBehavior [ RunTime:0.000020s ]
INFO: [ app_init ] --END-- [ RunTime:0.000394s ]
INFO: [ app_begin ] --START--
INFO: Run Behavior\ReadHtmlCacheBehavior [ RunTime:0.000736s ]
INFO: [ app_begin ] --END-- [ RunTime:0.000841s ]
NOTIC: [2] Declaration of Home\Controller\IndexController::show() should be compatible with Think\Controller::show($content, $charset = '', $contentType = '', $prefix = '') D:\wamp4\www\zuoye\TP\img\Img\Home\Controller\IndexController.class.php 第 105 行.
SQL: SHOW COLUMNS FROM `shop` [ RunTime:0.0005s ]
SQL: SHOW COLUMNS FROM `shop` [ RunTime:0.0004s ]
SQL: SELECT s.id as aid,s.shopname as nm,m.id,m.imgpath FROM shop s left join shopimg as m on s.id=m.sid and m.start = 1  ORDER BY s.id  [ RunTime:0.0008s ]
ERR: 1103:Incorrect table name ''
 [ SQL语句 ] : SELECT * FROM `` ORDER BY id 
ERR: 1103:Incorrect table name ''
 [ SQL语句 ] : SELECT * FROM `` ORDER BY id 

[ 2018-07-16T01:50:02+08:00 ] 127.0.0.1 /zuoye/TP/img/index.php/Home/Index/show.html
INFO: [ app_init ] --START--
INFO: Run Behavior\BuildLiteBehavior [ RunTime:0.000020s ]
INFO: [ app_init ] --END-- [ RunTime:0.000408s ]
INFO: [ app_begin ] --START--
INFO: Run Behavior\ReadHtmlCacheBehavior [ RunTime:0.000693s ]
INFO: [ app_begin ] --END-- [ RunTime:0.000802s ]
NOTIC: [2] Declaration of Home\Controller\IndexController::show() should be compatible with Think\Controller::show($content, $charset = '', $contentType = '', $prefix = '') D:\wamp4\www\zuoye\TP\img\Img\Home\Controller\IndexController.class.php 第 105 行.
SQL: SHOW COLUMNS FROM `shop` [ RunTime:0.0005s ]
SQL: SHOW COLUMNS FROM `shop` [ RunTime:0.0005s ]
SQL: SELECT s.id as aid,s.shopname as nm,m.id,m.imgpath FROM shop s left join shopimg as m on s.id=m.sid and m.start = 1  ORDER BY s.id  [ RunTime:0.0008s ]
ERR: 1103:Incorrect table name ''
 [ SQL语句 ] : SELECT * FROM `` ORDER BY id 
ERR: 1103:Incorrect table name ''
 [ SQL语句 ] : SELECT * FROM `` ORDER BY id 

[ 2018-07-16T01:50:03+08:00 ] 127.0.0.1 /zuoye/TP/img/index.php/Home/Index/show.html
INFO: [ app_init ] --START--
INFO: Run Behavior\BuildLiteBehavior [ RunTime:0.000019s ]
INFO: [ app_init ] --END-- [ RunTime:0.000376s ]
INFO: [ app_begin ] --START--
INFO: Run Behavior\ReadHtmlCacheBehavior [ RunTime:0.000559s ]
INFO: [ app_begin ] --END-- [ RunTime:0.000635s ]
NOTIC: [2] Declaration of Home\Controller\IndexController::show() should be compatible with Think\Controller::show($content, $charset = '', $contentType = '', $prefix = '') D:\wamp4\www\zuoye\TP\img\Img\Home\Controller\IndexController.class.php 第 105 行.
SQL: SHOW COLUMNS FROM `shop` [ RunTime:0.0007s ]
SQL: SHOW COLUMNS FROM `shop` [ RunTime:0.0010s ]
SQL: SELECT s.id as aid,s.shopname as nm,m.id,m.imgpath FROM shop s left join shopimg as m on s.id=m.sid and m.start = 1  ORDER BY s.id  [ RunTime:0.0006s ]
ERR: 1103:Incorrect table name ''
 [ SQL语句 ] : SELECT * FROM `` ORDER BY id 
ERR: 1103:Incorrect table name ''
 [ SQL语句 ] : SELECT * FROM `` ORDER BY id 

[ 2018-07-16T01:50:03+08:00 ] 127.0.0.1 /zuoye/TP/img/index.php/Home/Index/show.html
INFO: [ app_init ] --START--
INFO: Run Behavior\BuildLiteBehavior [ RunTime:0.000020s ]
INFO: [ app_init ] --END-- [ RunTime:0.000377s ]
INFO: [ app_begin ] --START--
INFO: Run Behavior\ReadHtmlCacheBehavior [ RunTime:0.000552s ]
INFO: [ app_begin ] --END-- [ RunTime:0.000652s ]
NOTIC: [2] Declaration of Home\Controller\IndexController::show() should be compatible with Think\Controller::show($content, $charset = '', $contentType = '', $prefix = '') D:\wamp4\www\zuoye\TP\img\Img\Home\Controller\IndexController.class.php 第 105 行.
SQL: SHOW COLUMNS FROM `shop` [ RunTime:0.0005s ]
SQL: SHOW COLUMNS FROM `shop` [ RunTime:0.0004s ]
SQL: SELECT s.id as aid,s.shopname as nm,m.id,m.imgpath FROM shop s left join shopimg as m on s.id=m.sid and m.start = 1  ORDER BY s.id  [ RunTime:0.0004s ]
ERR: 1103:Incorrect table name ''
 [ SQL语句 ] : SELECT * FROM `` ORDER BY id 
ERR: 1103:Incorrect table name ''
 [ SQL语句 ] : SELECT * FROM `` ORDER BY id 

[ 2018-07-16T01:51:17+08:00 ] 127.0.0.1 /zuoye/TP/img/index.php/Home/Index/show.html
INFO: [ app_init ] --START--
INFO: Run Behavior\BuildLiteBehavior [ RunTime:0.000024s ]
INFO: [ app_init ] --END-- [ RunTime:0.000504s ]
INFO: [ app_begin ] --START--
INFO: Run Behavior\ReadHtmlCacheBehavior [ RunTime:0.000985s ]
INFO: [ app_begin ] --END-- [ RunTime:0.001123s ]
NOTIC: [2] Declaration of Home\Controller\IndexController::show() should be compatible with Think\Controller::show($content, $charset = '', $contentType = '', $prefix = '') D:\wamp4\www\zuoye\TP\img\Img\Home\Controller\IndexController.class.php 第 105 行.
SQL: SHOW COLUMNS FROM `shop` [ RunTime:0.0005s ]
SQL: SHOW COLUMNS FROM `shop` [ RunTime:0.0004s ]
SQL: SELECT s.id as aid,s.shopname as nm,m.id,m.imgpath FROM shop s left join shopimg as m on s.id=m.sid and m.start = 1  ORDER BY s.id  [ RunTime:0.0009s ]
INFO: [ view_parse ] --START--
INFO: [ template_filter ] --START--
INFO: Run Behavior\ContentReplaceBehavior [ RunTime:0.000054s ]
INFO: [ template_filter ] --END-- [ RunTime:0.000274s ]
NOTIC: [8] Undefined index: shopname D:\wamp4\www\zuoye\TP\img\Img\Runtime\Cache\Home\a3a336e6ca24c1de650897b0c7516cfd.php 第 21 行.
NOTIC: [8] Undefined index: shopname D:\wamp4\www\zuoye\TP\img\Img\Runtime\Cache\Home\a3a336e6ca24c1de650897b0c7516cfd.php 第 21 行.
NOTIC: [8] Undefined index: shopname D:\wamp4\www\zuoye\TP\img\Img\Runtime\Cache\Home\a3a336e6ca24c1de650897b0c7516cfd.php 第 21 行.
NOTIC: [8] Undefined index: shopname D:\wamp4\www\zuoye\TP\img\Img\Runtime\Cache\Home\a3a336e6ca24c1de650897b0c7516cfd.php 第 21 行.
NOTIC: [8] Undefined index: shopname D:\wamp4\www\zuoye\TP\img\Img\Runtime\Cache\Home\a3a336e6ca24c1de650897b0c7516cfd.php 第 21 行.
NOTIC: [8] Undefined index: shopname D:\wamp4\www\zuoye\TP\img\Img\Runtime\Cache\Home\a3a336e6ca24c1de650897b0c7516cfd.php 第 21 行.
INFO: Run Behavior\ParseTemplateBehavior [ RunTime:0.010484s ]
INFO: [ view_parse ] --END-- [ RunTime:0.010614s ]
INFO: [ view_filter ] --START--
INFO: Run Behavior\WriteHtmlCacheBehavior [ RunTime:0.000559s ]
INFO: [ view_filter ] --END-- [ RunTime:0.000641s ]
INFO: [ app_end ] --START--
INFO: Run Behavior\ShowPageTraceBehavior [ RunTime:0.000558s ]
INFO: [ app_end ] --END-- [ RunTime:0.000625s ]

[ 2018-07-16T01:52:05+08:00 ] 127.0.0.1 /zuoye/TP/img/index.php/Home/Index/show.html
INFO: [ app_init ] --START--
INFO: Run Behavior\BuildLiteBehavior [ RunTime:0.000026s ]
INFO: [ app_init ] --END-- [ RunTime:0.000358s ]
INFO: [ app_begin ] --START--
INFO: Run Behavior\ReadHtmlCacheBehavior [ RunTime:0.000694s ]
INFO: [ app_begin ] --END-- [ RunTime:0.000794s ]
NOTIC: [2] Declaration of Home\Controller\IndexController::show() should be compatible with Think\Controller::show($content, $charset = '', $contentType = '', $prefix = '') D:\wamp4\www\zuoye\TP\img\Img\Home\Controller\IndexController.class.php 第 105 行.
SQL: SHOW COLUMNS FROM `shop` [ RunTime:0.0011s ]
SQL: SHOW COLUMNS FROM `shop` [ RunTime:0.0008s ]
SQL: SELECT s.id as aid,s.shopname as nm,m.id,m.imgpath FROM shop s left join shopimg as m on s.id=m.sid and m.start = 1  ORDER BY s.id  [ RunTime:0.0008s ]
INFO: [ view_parse ] --START--
INFO: [ template_filter ] --START--
INFO: Run Behavior\ContentReplaceBehavior [ RunTime:0.000058s ]
INFO: [ template_filter ] --END-- [ RunTime:0.000222s ]
NOTIC: [8] Undefined index: shopname D:\wamp4\www\zuoye\TP\img\Img\Runtime\Cache\Home\a3a336e6ca24c1de650897b0c7516cfd.php 第 21 行.
NOTIC: [8] Undefined index: shopname D:\wamp4\www\zuoye\TP\img\Img\Runtime\Cache\Home\a3a336e6ca24c1de650897b0c7516cfd.php 第 21 行.
NOTIC: [8] Undefined index: shopname D:\wamp4\www\zuoye\TP\img\Img\Runtime\Cache\Home\a3a336e6ca24c1de650897b0c7516cfd.php 第 21 行.
NOTIC: [8] Undefined index: shopname D:\wamp4\www\zuoye\TP\img\Img\Runtime\Cache\Home\a3a336e6ca24c1de650897b0c7516cfd.php 第 21 行.
NOTIC: [8] Undefined index: shopname D:\wamp4\www\zuoye\TP\img\Img\Runtime\Cache\Home\a3a336e6ca24c1de650897b0c7516cfd.php 第 21 行.
NOTIC: [8] Undefined index: shopname D:\wamp4\www\zuoye\TP\img\Img\Runtime\Cache\Home\a3a336e6ca24c1de650897b0c7516cfd.php 第 21 行.
INFO: Run Behavior\ParseTemplateBehavior [ RunTime:0.178626s ]
INFO: [ view_parse ] --END-- [ RunTime:0.178709s ]
INFO: [ view_filter ] --START--
INFO: Run Behavior\WriteHtmlCacheBehavior [ RunTime:0.000579s ]
INFO: [ view_filter ] --END-- [ RunTime:0.000672s ]
INFO: [ app_end ] --START--
INFO: Run Behavior\ShowPageTraceBehavior [ RunTime:0.000940s ]
INFO: [ app_end ] --END-- [ RunTime:0.001067s ]

[ 2018-07-16T01:52:05+08:00 ] 127.0.0.1 /zuoye/TP/img/index.php/Home/Index/Img/Public//Uploads/5b4b5b5f7b6a8.jpg
INFO: [ app_init ] --START--
INFO: Run Behavior\BuildLiteBehavior [ RunTime:0.000045s ]
INFO: [ app_init ] --END-- [ RunTime:0.000767s ]

[ 2018-07-16T01:52:05+08:00 ] 127.0.0.1 /zuoye/TP/img/index.php/Home/Index/Img/Public//Uploads/5b4b5b8192103.jpg
INFO: [ app_init ] --START--
INFO: Run Behavior\BuildLiteBehavior [ RunTime:0.000022s ]
INFO: [ app_init ] --END-- [ RunTime:0.000447s ]

[ 2018-07-16T01:52:05+08:00 ] 127.0.0.1 /zuoye/TP/img/index.php/Home/Index/Img/Public/
INFO: [ app_init ] --START--
INFO: Run Behavior\BuildLiteBehavior [ RunTime:0.000028s ]
INFO: [ app_init ] --END-- [ RunTime:0.000568s ]
INFO: [ app_begin ] --START--
INFO: Run Behavior\ReadHtmlCacheBehavior [ RunTime:0.001015s ]
INFO: [ app_begin ] --END-- [ RunTime:0.001150s ]
NOTIC: [2] Declaration of Home\Controller\IndexController::show() should be compatible with Think\Controller::show($content, $charset = '', $contentType = '', $prefix = '') D:\wamp4\www\zuoye\TP\img\Img\Home\Controller\IndexController.class.php 第 105 行.
ERR: 非法操作:Img

[ 2018-07-16T01:52:05+08:00 ] 127.0.0.1 /zuoye/TP/img/index.php/Home/Index/Img/Public//Uploads/5b4b5d4d4bac4.jpg
INFO: [ app_init ] --START--
INFO: Run Behavior\BuildLiteBehavior [ RunTime:0.000019s ]
INFO: [ app_init ] --END-- [ RunTime:0.000437s ]

[ 2018-07-16T01:52:05+08:00 ] 127.0.0.1 /zuoye/TP/img/index.php/Home/Index/Img/Public//Uploads/5b4b5e3200d05.jpg
INFO: [ app_init ] --START--
INFO: Run Behavior\BuildLiteBehavior [ RunTime:0.000024s ]
INFO: [ app_init ] --END-- [ RunTime:0.000517s ]

[ 2018-07-16T01:52:13+08:00 ] 127.0.0.1 /zuoye/TP/img/index.php/Home/Index/show.html
INFO: [ app_init ] --START--
INFO: Run Behavior\BuildLiteBehavior [ RunTime:0.000028s ]
INFO: [ app_init ] --END-- [ RunTime:0.000519s ]
INFO: [ app_begin ] --START--
INFO: Run Behavior\ReadHtmlCacheBehavior [ RunTime:0.000686s ]
INFO: [ app_begin ] --END-- [ RunTime:0.000796s ]
NOTIC: [2] Declaration of Home\Controller\IndexController::show() should be compatible with Think\Controller::show($content, $charset = '', $contentType = '', $prefix = '') D:\wamp4\www\zuoye\TP\img\Img\Home\Controller\IndexController.class.php 第 105 行.
SQL: SHOW COLUMNS FROM `shop` [ RunTime:0.0005s ]
SQL: SHOW COLUMNS FROM `shop` [ RunTime:0.0004s ]
SQL: SELECT s.id as aid,s.shopname as nm,m.id,m.imgpath FROM shop s left join shopimg as m on s.id=m.sid and m.start = 1  ORDER BY s.id  [ RunTime:0.0003s ]
INFO: [ view_parse ] --START--
INFO: [ template_filter ] --START--
INFO: Run Behavior\ContentReplaceBehavior [ RunTime:0.000042s ]
INFO: [ template_filter ] --END-- [ RunTime:0.000124s ]
NOTIC: [8] Undefined index: shopname D:\wamp4\www\zuoye\TP\img\Img\Runtime\Cache\Home\a3a336e6ca24c1de650897b0c7516cfd.php 第 21 行.
NOTIC: [8] Undefined index: shopname D:\wamp4\www\zuoye\TP\img\Img\Runtime\Cache\Home\a3a336e6ca24c1de650897b0c7516cfd.php 第 21 行.
NOTIC: [8] Undefined index: shopname D:\wamp4\www\zuoye\TP\img\Img\Runtime\Cache\Home\a3a336e6ca24c1de650897b0c7516cfd.php 第 21 行.
NOTIC: [8] Undefined index: shopname D:\wamp4\www\zuoye\TP\img\Img\Runtime\Cache\Home\a3a336e6ca24c1de650897b0c7516cfd.php 第 21 行.
NOTIC: [8] Undefined index: shopname D:\wamp4\www\zuoye\TP\img\Img\Runtime\Cache\Home\a3a336e6ca24c1de650897b0c7516cfd.php 第 21 行.
NOTIC: [8] Undefined index: shopname D:\wamp4\www\zuoye\TP\img\Img\Runtime\Cache\Home\a3a336e6ca24c1de650897b0c7516cfd.php 第 21 行.
INFO: Run Behavior\ParseTemplateBehavior [ RunTime:0.008169s ]
INFO: [ view_parse ] --END-- [ RunTime:0.008244s ]
INFO: [ view_filter ] --START--
INFO: Run Behavior\WriteHtmlCacheBehavior [ RunTime:0.000368s ]
INFO: [ view_filter ] --END-- [ RunTime:0.000438s ]
INFO: [ app_end ] --START--
INFO: Run Behavior\ShowPageTraceBehavior [ RunTime:0.000535s ]
INFO: [ app_end ] --END-- [ RunTime:0.000608s ]

[ 2018-07-16T01:52:13+08:00 ] 127.0.0.1 /zuoye/TP/img/index.php/Home/Index/Img/Public//Uploads/5b4b5b5f7b6a8.jpg
INFO: [ app_init ] --START--
INFO: Run Behavior\BuildLiteBehavior [ RunTime:0.000038s ]
INFO: [ app_init ] --END-- [ RunTime:0.000437s ]

[ 2018-07-16T01:52:13+08:00 ] 127.0.0.1 /zuoye/TP/img/index.php/Home/Index/Img/Public//Uploads/5b4b5b8192103.jpg
INFO: [ app_init ] --START--
INFO: Run Behavior\BuildLiteBehavior [ RunTime:0.000027s ]
INFO: [ app_init ] --END-- [ RunTime:0.000824s ]

[ 2018-07-16T01:52:13+08:00 ] 127.0.0.1 /zuoye/TP/img/index.php/Home/Index/Img/Public/
INFO: [ app_init ] --START--
INFO: Run Behavior\BuildLiteBehavior [ RunTime:0.000025s ]
INFO: [ app_init ] --END-- [ RunTime:0.000435s ]
INFO: [ app_begin ] --START--
INFO: Run Behavior\ReadHtmlCacheBehavior [ RunTime:0.000575s ]
INFO: [ app_begin ] --END-- [ RunTime:0.000683s ]
NOTIC: [2] Declaration of Home\Controller\IndexController::show() should be compatible with Think\Controller::show($content, $charset = '', $contentType = '', $prefix = '') D:\wamp4\www\zuoye\TP\img\Img\Home\Controller\IndexController.class.php 第 105 行.
ERR: 非法操作:Img

[ 2018-07-16T01:52:13+08:00 ] 127.0.0.1 /zuoye/TP/img/index.php/Home/Index/Img/Public//Uploads/5b4b5d4d4bac4.jpg
INFO: [ app_init ] --START--
INFO: Run Behavior\BuildLiteBehavior [ RunTime:0.000025s ]
INFO: [ app_init ] --END-- [ RunTime:0.000504s ]

[ 2018-07-16T01:52:13+08:00 ] 127.0.0.1 /zuoye/TP/img/index.php/Home/Index/Img/Public//Uploads/5b4b5e3200d05.jpg
INFO: [ app_init ] --START--
INFO: Run Behavior\BuildLiteBehavior [ RunTime:0.000026s ]
INFO: [ app_init ] --END-- [ RunTime:0.000539s ]

[ 2018-07-16T01:52:45+08:00 ] 127.0.0.1 /zuoye/TP/img/index.php/Home/Index/show.html
INFO: [ app_init ] --START--
INFO: Run Behavior\BuildLiteBehavior [ RunTime:0.000017s ]
INFO: [ app_init ] --END-- [ RunTime:0.000325s ]
INFO: [ app_begin ] --START--
INFO: Run Behavior\ReadHtmlCacheBehavior [ RunTime:0.000540s ]
INFO: [ app_begin ] --END-- [ RunTime:0.000620s ]
NOTIC: [2] Declaration of Home\Controller\IndexController::show() should be compatible with Think\Controller::show($content, $charset = '', $contentType = '', $prefix = '') D:\wamp4\www\zuoye\TP\img\Img\Home\Controller\IndexController.class.php 第 105 行.
SQL: SHOW COLUMNS FROM `shop` [ RunTime:0.0006s ]
SQL: SHOW COLUMNS FROM `shop` [ RunTime:0.0004s ]
SQL: SELECT s.id as aid,s.shopname as nm,m.id,m.imgpath FROM shop s left join shopimg as m on s.id=m.sid and m.start = 1  ORDER BY s.id  [ RunTime:0.0007s ]
INFO: [ view_parse ] --START--
INFO: [ template_filter ] --START--
INFO: Run Behavior\ContentReplaceBehavior [ RunTime:0.000037s ]
INFO: [ template_filter ] --END-- [ RunTime:0.000109s ]
INFO: Run Behavior\ParseTemplateBehavior [ RunTime:0.015392s ]
INFO: [ view_parse ] --END-- [ RunTime:0.015487s ]
INFO: [ view_filter ] --START--
INFO: Run Behavior\WriteHtmlCacheBehavior [ RunTime:0.000393s ]
INFO: [ view_filter ] --END-- [ RunTime:0.000459s ]
INFO: [ app_end ] --START--
INFO: Run Behavior\ShowPageTraceBehavior [ RunTime:0.000463s ]
INFO: [ app_end ] --END-- [ RunTime:0.000542s ]

[ 2018-07-16T01:52:45+08:00 ] 127.0.0.1 /zuoye/TP/img/index.php/Home/Index/Img/Public//Uploads/5b4b5b5f7b6a8.jpg
INFO: [ app_init ] --START--
INFO: Run Behavior\BuildLiteBehavior [ RunTime:0.000026s ]
INFO: [ app_init ] --END-- [ RunTime:0.000452s ]

[ 2018-07-16T01:52:45+08:00 ] 127.0.0.1 /zuoye/TP/img/index.php/Home/Index/Img/Public//Uploads/5b4b5b8192103.jpg
INFO: [ app_init ] --START--
INFO: Run Behavior\BuildLiteBehavior [ RunTime:0.000028s ]
INFO: [ app_init ] --END-- [ RunTime:0.000554s ]

[ 2018-07-16T01:52:45+08:00 ] 127.0.0.1 /zuoye/TP/img/index.php/Home/Index/Img/Public/
INFO: [ app_init ] --START--
INFO: Run Behavior\BuildLiteBehavior [ RunTime:0.000026s ]
INFO: [ app_init ] --END-- [ RunTime:0.000484s ]
INFO: [ app_begin ] --START--
INFO: Run Behavior\ReadHtmlCacheBehavior [ RunTime:0.001485s ]
INFO: [ app_begin ] --END-- [ RunTime:0.001604s ]
NOTIC: [2] Declaration of Home\Controller\IndexController::show() should be compatible with Think\Controller::show($content, $charset = '', $contentType = '', $prefix = '') D:\wamp4\www\zuoye\TP\img\Img\Home\Controller\IndexController.class.php 第 105 行.
ERR: 非法操作:Img

[ 2018-07-16T01:52:45+08:00 ] 127.0.0.1 /zuoye/TP/img/index.php/Home/Index/Img/Public//Uploads/5b4b5d4d4bac4.jpg
INFO: [ app_init ] --START--
INFO: Run Behavior\BuildLiteBehavior [ RunTime:0.000027s ]
INFO: [ app_init ] --END-- [ RunTime:0.000536s ]

[ 2018-07-16T01:52:45+08:00 ] 127.0.0.1 /zuoye/TP/img/index.php/Home/Index/Img/Public//Uploads/5b4b5e3200d05.jpg
INFO: [ app_init ] --START--
INFO: Run Behavior\BuildLiteBehavior [ RunTime:0.000040s ]
INFO: [ app_init ] --END-- [ RunTime:0.000645s ]

[ 2018-07-16T01:54:01+08:00 ] 127.0.0.1 /zuoye/TP/img/index.php/Home/Index/show.html
INFO: [ app_init ] --START--
INFO: Run Behavior\BuildLiteBehavior [ RunTime:0.000022s ]
INFO: [ app_init ] --END-- [ RunTime:0.000391s ]
INFO: [ app_begin ] --START--
INFO: Run Behavior\ReadHtmlCacheBehavior [ RunTime:0.000771s ]
INFO: [ app_begin ] --END-- [ RunTime:0.000906s ]
NOTIC: [2] Declaration of Home\Controller\IndexController::show() should be compatible with Think\Controller::show($content, $charset = '', $contentType = '', $prefix = '') D:\wamp4\www\zuoye\TP\img\Img\Home\Controller\IndexController.class.php 第 105 行.
SQL: SHOW COLUMNS FROM `shop` [ RunTime:0.0009s ]
SQL: SHOW COLUMNS FROM `shop` [ RunTime:0.0007s ]
SQL: SELECT s.id as aid,s.shopname as nm,m.id,m.imgpath FROM shop s left join shopimg as m on s.id=m.sid and m.start = 1  ORDER BY s.id  [ RunTime:0.0008s ]
INFO: [ view_parse ] --START--
INFO: [ template_filter ] --START--
INFO: Run Behavior\ContentReplaceBehavior [ RunTime:0.000038s ]
INFO: [ template_filter ] --END-- [ RunTime:0.000109s ]
INFO: Run Behavior\ParseTemplateBehavior [ RunTime:0.016748s ]
INFO: [ view_parse ] --END-- [ RunTime:0.016840s ]
INFO: [ view_filter ] --START--
INFO: Run Behavior\WriteHtmlCacheBehavior [ RunTime:0.000383s ]
INFO: [ view_filter ] --END-- [ RunTime:0.000454s ]
INFO: [ app_end ] --START--
INFO: Run Behavior\ShowPageTraceBehavior [ RunTime:0.000518s ]
INFO: [ app_end ] --END-- [ RunTime:0.000584s ]

[ 2018-07-16T01:54:01+08:00 ] 127.0.0.1 /zuoye/TP/img/index.php/Home/Index/_ROOT__/Img/Public//Uploads/5b4b5b5f7b6a8.jpg
INFO: [ app_init ] --START--
INFO: Run Behavior\BuildLiteBehavior [ RunTime:0.000023s ]
INFO: [ app_init ] --END-- [ RunTime:0.000489s ]

[ 2018-07-16T01:54:01+08:00 ] 127.0.0.1 /zuoye/TP/img/index.php/Home/Index/_ROOT__/Img/Public//Uploads/5b4b5b8192103.jpg
INFO: [ app_init ] --START--
INFO: Run Behavior\BuildLiteBehavior [ RunTime:0.000032s ]
INFO: [ app_init ] --END-- [ RunTime:0.000741s ]

[ 2018-07-16T01:54:01+08:00 ] 127.0.0.1 /zuoye/TP/img/index.php/Home/Index/_ROOT__/Img/Public//Uploads/5b4b5d4d4bac4.jpg
INFO: [ app_init ] --START--
INFO: Run Behavior\BuildLiteBehavior [ RunTime:0.000029s ]
INFO: [ app_init ] --END-- [ RunTime:0.000755s ]

[ 2018-07-16T01:54:01+08:00 ] 127.0.0.1 /zuoye/TP/img/index.php/Home/Index/_ROOT__/Img/Public/
INFO: [ app_init ] --START--
INFO: Run Behavior\BuildLiteBehavior [ RunTime:0.000025s ]
INFO: [ app_init ] --END-- [ RunTime:0.000451s ]
INFO: [ app_begin ] --START--
INFO: Run Behavior\ReadHtmlCacheBehavior [ RunTime:0.002001s ]
INFO: [ app_begin ] --END-- [ RunTime:0.002281s ]
NOTIC: [2] Declaration of Home\Controller\IndexController::show() should be compatible with Think\Controller::show($content, $charset = '', $contentType = '', $prefix = '') D:\wamp4\www\zuoye\TP\img\Img\Home\Controller\IndexController.class.php 第 105 行.
ERR: 非法操作:_ROOT__

[ 2018-07-16T01:54:01+08:00 ] 127.0.0.1 /zuoye/TP/img/index.php/Home/Index/_ROOT__/Img/Public//Uploads/5b4b5e3200d05.jpg
INFO: [ app_init ] --START--
INFO: Run Behavior\BuildLiteBehavior [ RunTime:0.000029s ]
INFO: [ app_init ] --END-- [ RunTime:0.000692s ]

[ 2018-07-16T01:54:02+08:00 ] 127.0.0.1 /zuoye/TP/img/index.php/Home/Index/show.html
INFO: [ app_init ] --START--
INFO: Run Behavior\BuildLiteBehavior [ RunTime:0.000037s ]
INFO: [ app_init ] --END-- [ RunTime:0.000340s ]
INFO: [ app_begin ] --START--
INFO: Run Behavior\ReadHtmlCacheBehavior [ RunTime:0.000640s ]
INFO: [ app_begin ] --END-- [ RunTime:0.000759s ]
NOTIC: [2] Declaration of Home\Controller\IndexController::show() should be compatible with Think\Controller::show($content, $charset = '', $contentType = '', $prefix = '') D:\wamp4\www\zuoye\TP\img\Img\Home\Controller\IndexController.class.php 第 105 行.
SQL: SHOW COLUMNS FROM `shop` [ RunTime:0.0007s ]
SQL: SHOW COLUMNS FROM `shop` [ RunTime:0.0006s ]
SQL: SELECT s.id as aid,s.shopname as nm,m.id,m.imgpath FROM shop s left join shopimg as m on s.id=m.sid and m.start = 1  ORDER BY s.id  [ RunTime:0.0008s ]
INFO: [ view_parse ] --START--
INFO: [ template_filter ] --START--
INFO: Run Behavior\ContentReplaceBehavior [ RunTime:0.000073s ]
INFO: [ template_filter ] --END-- [ RunTime:0.000260s ]
INFO: Run Behavior\ParseTemplateBehavior [ RunTime:0.007241s ]
INFO: [ view_parse ] --END-- [ RunTime:0.007327s ]
INFO: [ view_filter ] --START--
INFO: Run Behavior\WriteHtmlCacheBehavior [ RunTime:0.000291s ]
INFO: [ view_filter ] --END-- [ RunTime:0.000361s ]
INFO: [ app_end ] --START--
INFO: Run Behavior\ShowPageTraceBehavior [ RunTime:0.000460s ]
INFO: [ app_end ] --END-- [ RunTime:0.000529s ]

[ 2018-07-16T01:54:02+08:00 ] 127.0.0.1 /zuoye/TP/img/index.php/Home/Index/_ROOT__/Img/Public//Uploads/5b4b5b5f7b6a8.jpg
INFO: [ app_init ] --START--
INFO: Run Behavior\BuildLiteBehavior [ RunTime:0.000021s ]
INFO: [ app_init ] --END-- [ RunTime:0.000390s ]

[ 2018-07-16T01:54:02+08:00 ] 127.0.0.1 /zuoye/TP/img/index.php/Home/Index/_ROOT__/Img/Public//Uploads/5b4b5b8192103.jpg
INFO: [ app_init ] --START--
INFO: Run Behavior\BuildLiteBehavior [ RunTime:0.000025s ]
INFO: [ app_init ] --END-- [ RunTime:0.000628s ]

[ 2018-07-16T01:54:02+08:00 ] 127.0.0.1 /zuoye/TP/img/index.php/Home/Index/_ROOT__/Img/Public/
INFO: [ app_init ] --START--
INFO: Run Behavior\BuildLiteBehavior [ RunTime:0.000031s ]
INFO: [ app_init ] --END-- [ RunTime:0.000610s ]
INFO: [ app_begin ] --START--
INFO: Run Behavior\ReadHtmlCacheBehavior [ RunTime:0.000692s ]
INFO: [ app_begin ] --END-- [ RunTime:0.000831s ]
NOTIC: [2] Declaration of Home\Controller\IndexController::show() should be compatible with Think\Controller::show($content, $charset = '', $contentType = '', $prefix = '') D:\wamp4\www\zuoye\TP\img\Img\Home\Controller\IndexController.class.php 第 105 行.
ERR: 非法操作:_ROOT__

[ 2018-07-16T01:54:02+08:00 ] 127.0.0.1 /zuoye/TP/img/index.php/Home/Index/_ROOT__/Img/Public//Uploads/5b4b5d4d4bac4.jpg
INFO: [ app_init ] --START--
INFO: Run Behavior\BuildLiteBehavior [ RunTime:0.000030s ]
INFO: [ app_init ] --END-- [ RunTime:0.000539s ]

[ 2018-07-16T01:54:02+08:00 ] 127.0.0.1 /zuoye/TP/img/index.php/Home/Index/_ROOT__/Img/Public//Uploads/5b4b5e3200d05.jpg
INFO: [ app_init ] --START--
INFO: Run Behavior\BuildLiteBehavior [ RunTime:0.000028s ]
INFO: [ app_init ] --END-- [ RunTime:0.000638s ]

[ 2018-07-16T01:54:18+08:00 ] 127.0.0.1 /zuoye/TP/img/index.php/Home/Index/show.html
INFO: [ app_init ] --START--
INFO: Run Behavior\BuildLiteBehavior [ RunTime:0.000020s ]
INFO: [ app_init ] --END-- [ RunTime:0.000418s ]
INFO: [ app_begin ] --START--
INFO: Run Behavior\ReadHtmlCacheBehavior [ RunTime:0.002321s ]
INFO: [ app_begin ] --END-- [ RunTime:0.002589s ]
NOTIC: [2] Declaration of Home\Controller\IndexController::show() should be compatible with Think\Controller::show($content, $charset = '', $contentType = '', $prefix = '') D:\wamp4\www\zuoye\TP\img\Img\Home\Controller\IndexController.class.php 第 105 行.
SQL: SHOW COLUMNS FROM `shop` [ RunTime:0.0005s ]
SQL: SHOW COLUMNS FROM `shop` [ RunTime:0.0005s ]
SQL: SELECT s.id as aid,s.shopname as nm,m.id,m.imgpath FROM shop s left join shopimg as m on s.id=m.sid and m.start = 1  ORDER BY s.id  [ RunTime:0.0007s ]
INFO: [ view_parse ] --START--
INFO: [ template_filter ] --START--
INFO: Run Behavior\ContentReplaceBehavior [ RunTime:0.000045s ]
INFO: [ template_filter ] --END-- [ RunTime:0.000131s ]
INFO: Run Behavior\ParseTemplateBehavior [ RunTime:0.023585s ]
INFO: [ view_parse ] --END-- [ RunTime:0.023751s ]
INFO: [ view_filter ] --START--
INFO: Run Behavior\WriteHtmlCacheBehavior [ RunTime:0.000753s ]
INFO: [ view_filter ] --END-- [ RunTime:0.000879s ]
INFO: [ app_end ] --START--
INFO: Run Behavior\ShowPageTraceBehavior [ RunTime:0.000793s ]
INFO: [ app_end ] --END-- [ RunTime:0.000890s ]

[ 2018-07-16T01:54:51+08:00 ] 127.0.0.1 /zuoye/TP/img/index.php/Home/Index/show.html
INFO: [ app_init ] --START--
INFO: Run Behavior\BuildLiteBehavior [ RunTime:0.000062s ]
INFO: [ app_init ] --END-- [ RunTime:0.000857s ]
INFO: [ app_begin ] --START--
INFO: Run Behavior\ReadHtmlCacheBehavior [ RunTime:0.000857s ]
INFO: [ app_begin ] --END-- [ RunTime:0.000992s ]
NOTIC: [2] Declaration of Home\Controller\IndexController::show() should be compatible with Think\Controller::show($content, $charset = '', $contentType = '', $prefix = '') D:\wamp4\www\zuoye\TP\img\Img\Home\Controller\IndexController.class.php 第 105 行.
SQL: SHOW COLUMNS FROM `shop` [ RunTime:0.0006s ]
SQL: SHOW COLUMNS FROM `shop` [ RunTime:0.0004s ]
SQL: SELECT s.id as aid,s.shopname as nm,m.id,m.imgpath FROM shop s left join shopimg as m on s.id=m.sid and m.start = 1  ORDER BY s.id  [ RunTime:0.0008s ]
INFO: [ view_parse ] --START--
INFO: [ template_filter ] --START--
INFO: Run Behavior\ContentReplaceBehavior [ RunTime:0.000039s ]
INFO: [ template_filter ] --END-- [ RunTime:0.000114s ]
INFO: Run Behavior\ParseTemplateBehavior [ RunTime:0.016733s ]
INFO: [ view_parse ] --END-- [ RunTime:0.016827s ]
INFO: [ view_filter ] --START--
INFO: Run Behavior\WriteHtmlCacheBehavior [ RunTime:0.000396s ]
INFO: [ view_filter ] --END-- [ RunTime:0.000467s ]
INFO: [ app_end ] --START--
INFO: Run Behavior\ShowPageTraceBehavior [ RunTime:0.000509s ]
INFO: [ app_end ] --END-- [ RunTime:0.000573s ]

[ 2018-07-16T01:57:54+08:00 ] 127.0.0.1 /zuoye/TP/img/index.php/Home/Index/show.html
INFO: [ app_init ] --START--
INFO: Run Behavior\BuildLiteBehavior [ RunTime:0.000022s ]
INFO: [ app_init ] --END-- [ RunTime:0.000393s ]
INFO: [ app_begin ] --START--
INFO: Run Behavior\ReadHtmlCacheBehavior [ RunTime:0.000741s ]
INFO: [ app_begin ] --END-- [ RunTime:0.000828s ]
NOTIC: [2] Declaration of Home\Controller\IndexController::show() should be compatible with Think\Controller::show($content, $charset = '', $contentType = '', $prefix = '') D:\wamp4\www\zuoye\TP\img\Img\Home\Controller\IndexController.class.php 第 105 行.
SQL: SHOW COLUMNS FROM `shop` [ RunTime:0.0011s ]
SQL: SHOW COLUMNS FROM `shop` [ RunTime:0.0008s ]
SQL: SELECT s.id as aid,s.shopname as nm,m.id,m.imgpath FROM shop s left join shopimg as m on s.id=m.sid and m.start = 1  ORDER BY s.id  [ RunTime:0.0008s ]
INFO: [ view_parse ] --START--
INFO: [ template_filter ] --START--
INFO: Run Behavior\ContentReplaceBehavior [ RunTime:0.000039s ]
INFO: [ template_filter ] --END-- [ RunTime:0.000116s ]
INFO: Run Behavior\ParseTemplateBehavior [ RunTime:0.287348s ]
INFO: [ view_parse ] --END-- [ RunTime:0.287443s ]
INFO: [ view_filter ] --START--
INFO: Run Behavior\WriteHtmlCacheBehavior [ RunTime:0.000520s ]
INFO: [ view_filter ] --END-- [ RunTime:0.000606s ]
INFO: [ app_end ] --START--
INFO: Run Behavior\ShowPageTraceBehavior [ RunTime:0.000544s ]
INFO: [ app_end ] --END-- [ RunTime:0.000613s ]

[ 2018-07-16T01:59:07+08:00 ] 127.0.0.1 /zuoye/TP/img/index.php/Home/Index/show.html
INFO: [ app_init ] --START--
INFO: Run Behavior\BuildLiteBehavior [ RunTime:0.000017s ]
INFO: [ app_init ] --END-- [ RunTime:0.000345s ]
INFO: [ app_begin ] --START--
INFO: Run Behavior\ReadHtmlCacheBehavior [ RunTime:0.000547s ]
INFO: [ app_begin ] --END-- [ RunTime:0.000619s ]
NOTIC: [2] Declaration of Home\Controller\IndexController::show() should be compatible with Think\Controller::show($content, $charset = '', $contentType = '', $prefix = '') D:\wamp4\www\zuoye\TP\img\Img\Home\Controller\IndexController.class.php 第 105 行.
SQL: SHOW COLUMNS FROM `shop` [ RunTime:0.0004s ]
SQL: SHOW COLUMNS FROM `shop` [ RunTime:0.0004s ]
SQL: SELECT s.id as aid,s.shopname as nm,m.id,m.imgpath FROM shop s left join shopimg as m on s.id=m.sid and m.start = 1  ORDER BY s.id  [ RunTime:0.0008s ]
INFO: [ view_parse ] --START--
INFO: [ template_filter ] --START--
INFO: Run Behavior\ContentReplaceBehavior [ RunTime:0.000037s ]
INFO: [ template_filter ] --END-- [ RunTime:0.000111s ]
ERR: Call to undefined function defaule()

[ 2018-07-16T01:59:14+08:00 ] 127.0.0.1 /zuoye/TP/img/index.php/Home/Index/show.html
INFO: [ app_init ] --START--
INFO: Run Behavior\BuildLiteBehavior [ RunTime:0.000017s ]
INFO: [ app_init ] --END-- [ RunTime:0.000374s ]
INFO: [ app_begin ] --START--
INFO: Run Behavior\ReadHtmlCacheBehavior [ RunTime:0.000589s ]
INFO: [ app_begin ] --END-- [ RunTime:0.000672s ]
NOTIC: [2] Declaration of Home\Controller\IndexController::show() should be compatible with Think\Controller::show($content, $charset = '', $contentType = '', $prefix = '') D:\wamp4\www\zuoye\TP\img\Img\Home\Controller\IndexController.class.php 第 105 行.
SQL: SHOW COLUMNS FROM `shop` [ RunTime:0.0005s ]
SQL: SHOW COLUMNS FROM `shop` [ RunTime:0.0004s ]
SQL: SELECT s.id as aid,s.shopname as nm,m.id,m.imgpath FROM shop s left join shopimg as m on s.id=m.sid and m.start = 1  ORDER BY s.id  [ RunTime:0.0004s ]
INFO: [ view_parse ] --START--
INFO: [ template_filter ] --START--
INFO: Run Behavior\ContentReplaceBehavior [ RunTime:0.000057s ]
INFO: [ template_filter ] --END-- [ RunTime:0.000170s ]
ERR: Call to undefined function defaule()

[ 2018-07-16T01:59:42+08:00 ] 127.0.0.1 /zuoye/TP/img/index.php/Home/Index/show.html
INFO: [ app_init ] --START--
INFO: Run Behavior\BuildLiteBehavior [ RunTime:0.000021s ]
INFO: [ app_init ] --END-- [ RunTime:0.000602s ]
INFO: [ app_begin ] --START--
INFO: Run Behavior\ReadHtmlCacheBehavior [ RunTime:0.000901s ]
INFO: [ app_begin ] --END-- [ RunTime:0.001059s ]
NOTIC: [2] Declaration of Home\Controller\IndexController::show() should be compatible with Think\Controller::show($content, $charset = '', $contentType = '', $prefix = '') D:\wamp4\www\zuoye\TP\img\Img\Home\Controller\IndexController.class.php 第 105 行.
SQL: SHOW COLUMNS FROM `shop` [ RunTime:0.0009s ]
SQL: SHOW COLUMNS FROM `shop` [ RunTime:0.0007s ]
SQL: SELECT s.id as aid,s.shopname as nm,m.id,m.imgpath FROM shop s left join shopimg as m on s.id=m.sid and m.start = 1  ORDER BY s.id  [ RunTime:0.0005s ]
INFO: [ view_parse ] --START--
INFO: [ template_filter ] --START--
INFO: Run Behavior\ContentReplaceBehavior [ RunTime:0.000038s ]
INFO: [ template_filter ] --END-- [ RunTime:0.000112s ]
INFO: Run Behavior\ParseTemplateBehavior [ RunTime:0.020366s ]
INFO: [ view_parse ] --END-- [ RunTime:0.020484s ]
INFO: [ view_filter ] --START--
INFO: Run Behavior\WriteHtmlCacheBehavior [ RunTime:0.000547s ]
INFO: [ view_filter ] --END-- [ RunTime:0.000631s ]
INFO: [ app_end ] --START--
INFO: Run Behavior\ShowPageTraceBehavior [ RunTime:0.000764s ]
INFO: [ app_end ] --END-- [ RunTime:0.000851s ]

[ 2018-07-16T02:00:59+08:00 ] 127.0.0.1 /zuoye/TP/img/index.php/Home/Index/show.html
INFO: [ app_init ] --START--
INFO: Run Behavior\BuildLiteBehavior [ RunTime:0.000019s ]
INFO: [ app_init ] --END-- [ RunTime:0.000519s ]
INFO: [ app_begin ] --START--
INFO: Run Behavior\ReadHtmlCacheBehavior [ RunTime:0.000576s ]
INFO: [ app_begin ] --END-- [ RunTime:0.000649s ]
NOTIC: [2] Declaration of Home\Controller\IndexController::show() should be compatible with Think\Controller::show($content, $charset = '', $contentType = '', $prefix = '') D:\wamp4\www\zuoye\TP\img\Img\Home\Controller\IndexController.class.php 第 106 行.
SQL: SHOW COLUMNS FROM `shop` [ RunTime:0.0006s ]
SQL: SHOW COLUMNS FROM `shop` [ RunTime:0.0005s ]
SQL: SELECT s.id as aid,s.shopname as nm,m.id,m.imgpath FROM shop s left join shopimg as m on s.id=m.sid and m.start = 1  ORDER BY s.id  [ RunTime:0.0004s ]
INFO: [ view_parse ] --START--
INFO: [ template_filter ] --START--
INFO: Run Behavior\ContentReplaceBehavior [ RunTime:0.000038s ]
INFO: [ template_filter ] --END-- [ RunTime:0.000108s ]
INFO: Run Behavior\ParseTemplateBehavior [ RunTime:0.006854s ]
INFO: [ view_parse ] --END-- [ RunTime:0.006937s ]
INFO: [ view_filter ] --START--
INFO: Run Behavior\WriteHtmlCacheBehavior [ RunTime:0.000511s ]
INFO: [ view_filter ] --END-- [ RunTime:0.000593s ]
INFO: [ app_end ] --START--
INFO: Run Behavior\ShowPageTraceBehavior [ RunTime:0.000869s ]
INFO: [ app_end ] --END-- [ RunTime:0.001080s ]

[ 2018-07-16T08:28:44+08:00 ] ::1 /ThinkPHP/wode7.13/img/
INFO: [ app_init ] --START--
INFO: Run Behavior\BuildLiteBehavior [ RunTime:0.000020s ]
INFO: [ app_init ] --END-- [ RunTime:0.000452s ]
INFO: [ app_begin ] --START--
INFO: Run Behavior\ReadHtmlCacheBehavior [ RunTime:0.000759s ]
INFO: [ app_begin ] --END-- [ RunTime:0.000841s ]
NOTIC: [2] Declaration of Home\Controller\IndexController::show() should be compatible with Think\Controller::show($content, $charset = '', $contentType = '', $prefix = '') E:\wamp\www\ThinkPHP\wode7.13\img\Img\Home\Controller\IndexController.class.php 第 106 行.
INFO: [ view_parse ] --START--
INFO: [ template_filter ] --START--
INFO: Run Behavior\ContentReplaceBehavior [ RunTime:0.000040s ]
INFO: [ template_filter ] --END-- [ RunTime:0.000119s ]
INFO: Run Behavior\ParseTemplateBehavior [ RunTime:0.006041s ]
INFO: [ view_parse ] --END-- [ RunTime:0.006125s ]
INFO: [ view_filter ] --START--
INFO: Run Behavior\WriteHtmlCacheBehavior [ RunTime:0.000556s ]
INFO: [ view_filter ] --END-- [ RunTime:0.000636s ]
INFO: [ app_end ] --START--
INFO: Run Behavior\ShowPageTraceBehavior [ RunTime:0.000746s ]
INFO: [ app_end ] --END-- [ RunTime:0.000829s ]

[ 2018-07-16T08:29:27+08:00 ] ::1 /ThinkPHP/wode7.13/img/index.php/Home/Index/show
INFO: [ app_init ] --START--
INFO: Run Behavior\BuildLiteBehavior [ RunTime:0.000015s ]
INFO: [ app_init ] --END-- [ RunTime:0.000292s ]
INFO: [ app_begin ] --START--
INFO: Run Behavior\ReadHtmlCacheBehavior [ RunTime:0.005188s ]
INFO: [ app_begin ] --END-- [ RunTime:0.005259s ]
NOTIC: [2] Declaration of Home\Controller\IndexController::show() should be compatible with Think\Controller::show($content, $charset = '', $contentType = '', $prefix = '') E:\wamp\www\ThinkPHP\wode7.13\img\Img\Home\Controller\IndexController.class.php 第 106 行.
SQL: SHOW COLUMNS FROM `shop` [ RunTime:0.0034s ]
SQL: SHOW COLUMNS FROM `shop` [ RunTime:0.0005s ]
SQL: SELECT s.id as aid,s.shopname as nm,m.id,m.imgpath FROM shop s left join shopimg as m on s.id=m.sid and m.start = 1  ORDER BY s.id  [ RunTime:0.0119s ]
INFO: [ view_parse ] --START--
INFO: [ template_filter ] --START--
INFO: Run Behavior\ContentReplaceBehavior [ RunTime:0.000052s ]
INFO: [ template_filter ] --END-- [ RunTime:0.000140s ]
INFO: Run Behavior\ParseTemplateBehavior [ RunTime:0.051815s ]
INFO: [ view_parse ] --END-- [ RunTime:0.051982s ]
INFO: [ view_filter ] --START--
INFO: Run Behavior\WriteHtmlCacheBehavior [ RunTime:0.000636s ]
INFO: [ view_filter ] --END-- [ RunTime:0.000725s ]
INFO: [ app_end ] --START--
INFO: Run Behavior\ShowPageTraceBehavior [ RunTime:0.005910s ]
INFO: [ app_end ] --END-- [ RunTime:0.006016s ]

[ 2018-07-16T08:31:10+08:00 ] ::1 /ThinkPHP/wode7.13/img/
INFO: [ app_init ] --START--
INFO: Run Behavior\BuildLiteBehavior [ RunTime:0.000016s ]
INFO: [ app_init ] --END-- [ RunTime:0.000304s ]
INFO: [ app_begin ] --START--
INFO: Run Behavior\ReadHtmlCacheBehavior [ RunTime:0.000521s ]
INFO: [ app_begin ] --END-- [ RunTime:0.000584s ]
NOTIC: [2] Declaration of Home\Controller\IndexController::show() should be compatible with Think\Controller::show($content, $charset = '', $contentType = '', $prefix = '') E:\wamp\www\ThinkPHP\wode7.13\img\Img\Home\Controller\IndexController.class.php 第 106 行.
INFO: [ view_parse ] --START--
INFO: [ template_filter ] --START--
INFO: Run Behavior\ContentReplaceBehavior [ RunTime:0.000041s ]
INFO: [ template_filter ] --END-- [ RunTime:0.000159s ]
INFO: Run Behavior\ParseTemplateBehavior [ RunTime:0.011013s ]
INFO: [ view_parse ] --END-- [ RunTime:0.011077s ]
INFO: [ view_filter ] --START--
INFO: Run Behavior\WriteHtmlCacheBehavior [ RunTime:0.000401s ]
INFO: [ view_filter ] --END-- [ RunTime:0.000458s ]
INFO: [ app_end ] --START--
INFO: Run Behavior\ShowPageTraceBehavior [ RunTime:0.000644s ]
INFO: [ app_end ] --END-- [ RunTime:0.000702s ]

[ 2018-07-16T08:31:11+08:00 ] ::1 /ThinkPHP/wode7.13/img/index.php/Home/Index/show
INFO: [ app_init ] --START--
INFO: Run Behavior\BuildLiteBehavior [ RunTime:0.000019s ]
INFO: [ app_init ] --END-- [ RunTime:0.000915s ]
INFO: [ app_begin ] --START--
INFO: Run Behavior\ReadHtmlCacheBehavior [ RunTime:0.000565s ]
INFO: [ app_begin ] --END-- [ RunTime:0.000646s ]
NOTIC: [2] Declaration of Home\Controller\IndexController::show() should be compatible with Think\Controller::show($content, $charset = '', $contentType = '', $prefix = '') E:\wamp\www\ThinkPHP\wode7.13\img\Img\Home\Controller\IndexController.class.php 第 106 行.
SQL: SHOW COLUMNS FROM `shop` [ RunTime:0.0007s ]
SQL: SHOW COLUMNS FROM `shop` [ RunTime:0.0003s ]
SQL: SELECT s.id as aid,s.shopname as nm,m.id,m.imgpath FROM shop s left join shopimg as m on s.id=m.sid and m.start = 1  ORDER BY s.id  [ RunTime:0.0005s ]
INFO: [ view_parse ] --START--
INFO: [ template_filter ] --START--
INFO: Run Behavior\ContentReplaceBehavior [ RunTime:0.000037s ]
INFO: [ template_filter ] --END-- [ RunTime:0.000114s ]
INFO: Run Behavior\ParseTemplateBehavior [ RunTime:0.009396s ]
INFO: [ view_parse ] --END-- [ RunTime:0.009459s ]
INFO: [ view_filter ] --START--
INFO: Run Behavior\WriteHtmlCacheBehavior [ RunTime:0.000375s ]
INFO: [ view_filter ] --END-- [ RunTime:0.000431s ]
INFO: [ app_end ] --START--
INFO: Run Behavior\ShowPageTraceBehavior [ RunTime:0.000531s ]
INFO: [ app_end ] --END-- [ RunTime:0.000590s ]

[ 2018-07-16T09:21:39+08:00 ] ::1 /ThinkPHP/wode7.13/img/
INFO: [ app_init ] --START--
INFO: Run Behavior\BuildLiteBehavior [ RunTime:0.000015s ]
INFO: [ app_init ] --END-- [ RunTime:0.000302s ]
INFO: [ app_begin ] --START--
INFO: Run Behavior\ReadHtmlCacheBehavior [ RunTime:0.000523s ]
INFO: [ app_begin ] --END-- [ RunTime:0.000585s ]
NOTIC: [2] Declaration of Home\Controller\IndexController::show() should be compatible with Think\Controller::show($content, $charset = '', $contentType = '', $prefix = '') E:\wamp\www\ThinkPHP\wode7.13\img\img\Home\Controller\IndexController.class.php 第 106 行.
INFO: [ view_parse ] --START--
INFO: [ template_filter ] --START--
INFO: Run Behavior\ContentReplaceBehavior [ RunTime:0.000042s ]
INFO: [ template_filter ] --END-- [ RunTime:0.000117s ]
INFO: Run Behavior\ParseTemplateBehavior [ RunTime:0.003967s ]
INFO: [ view_parse ] --END-- [ RunTime:0.004031s ]
INFO: [ view_filter ] --START--
INFO: Run Behavior\WriteHtmlCacheBehavior [ RunTime:0.000374s ]
INFO: [ view_filter ] --END-- [ RunTime:0.000429s ]
INFO: [ app_end ] --START--
INFO: Run Behavior\ShowPageTraceBehavior [ RunTime:0.000551s ]
INFO: [ app_end ] --END-- [ RunTime:0.000610s ]

[ 2018-07-16T09:22:28+08:00 ] ::1 /ThinkPHP/wode7.13/img/index.php/Home/Index/show
INFO: [ app_init ] --START--
INFO: Run Behavior\BuildLiteBehavior [ RunTime:0.000014s ]
INFO: [ app_init ] --END-- [ RunTime:0.000294s ]
INFO: [ app_begin ] --START--
INFO: Run Behavior\ReadHtmlCacheBehavior [ RunTime:0.000488s ]
INFO: [ app_begin ] --END-- [ RunTime:0.000550s ]
NOTIC: [2] Declaration of Home\Controller\IndexController::show() should be compatible with Think\Controller::show($content, $charset = '', $contentType = '', $prefix = '') E:\wamp\www\ThinkPHP\wode7.13\img\img\Home\Controller\IndexController.class.php 第 106 行.
SQL: SHOW COLUMNS FROM `shop` [ RunTime:0.0365s ]
SQL: SHOW COLUMNS FROM `shop` [ RunTime:0.0005s ]
SQL: SELECT s.id as aid,s.shopname as nm,m.id,m.imgpath FROM shop s left join shopimg as m on s.id=m.sid and m.start = 1  ORDER BY s.id  [ RunTime:0.0007s ]
INFO: [ view_parse ] --START--
INFO: [ template_filter ] --START--
INFO: Run Behavior\ContentReplaceBehavior [ RunTime:0.000039s ]
INFO: [ template_filter ] --END-- [ RunTime:0.000125s ]
INFO: Run Behavior\ParseTemplateBehavior [ RunTime:0.006206s ]
INFO: [ view_parse ] --END-- [ RunTime:0.006300s ]
INFO: [ view_filter ] --START--
INFO: Run Behavior\WriteHtmlCacheBehavior [ RunTime:0.000363s ]
INFO: [ view_filter ] --END-- [ RunTime:0.000419s ]
INFO: [ app_end ] --START--
INFO: Run Behavior\ShowPageTraceBehavior [ RunTime:0.000524s ]
INFO: [ app_end ] --END-- [ RunTime:0.000582s ]

[ 2018-07-16T09:22:47+08:00 ] ::1 /ThinkPHP/wode7.13/img/index.php/Home/Index/show
INFO: [ app_init ] --START--
INFO: Run Behavior\BuildLiteBehavior [ RunTime:0.000014s ]
INFO: [ app_init ] --END-- [ RunTime:0.000286s ]
INFO: [ app_begin ] --START--
INFO: Run Behavior\ReadHtmlCacheBehavior [ RunTime:0.000482s ]
INFO: [ app_begin ] --END-- [ RunTime:0.000544s ]
NOTIC: [2] Declaration of Home\Controller\IndexController::show() should be compatible with Think\Controller::show($content, $charset = '', $contentType = '', $prefix = '') E:\wamp\www\ThinkPHP\wode7.13\img\img\Home\Controller\IndexController.class.php 第 106 行.
SQL: SHOW COLUMNS FROM `shop` [ RunTime:0.0006s ]
SQL: SHOW COLUMNS FROM `shop` [ RunTime:0.0003s ]
SQL: SELECT s.id as aid,s.shopname as nm,m.id,m.imgpath FROM shop s left join shopimg as m on s.id=m.sid and m.start = 1  ORDER BY s.id  [ RunTime:0.0005s ]
INFO: [ view_parse ] --START--
INFO: [ template_filter ] --START--
INFO: Run Behavior\ContentReplaceBehavior [ RunTime:0.000042s ]
INFO: [ template_filter ] --END-- [ RunTime:0.000113s ]
INFO: Run Behavior\ParseTemplateBehavior [ RunTime:0.004872s ]
INFO: [ view_parse ] --END-- [ RunTime:0.004943s ]
INFO: [ view_filter ] --START--
INFO: Run Behavior\WriteHtmlCacheBehavior [ RunTime:0.000497s ]
INFO: [ view_filter ] --END-- [ RunTime:0.000583s ]
INFO: [ app_end ] --START--
INFO: Run Behavior\ShowPageTraceBehavior [ RunTime:0.000641s ]
INFO: [ app_end ] --END-- [ RunTime:0.000716s ]

[ 2018-07-16T09:23:03+08:00 ] ::1 /ThinkPHP/wode7.13/img/index.php/Home/Index/show
INFO: [ app_init ] --START--
INFO: Run Behavior\BuildLiteBehavior [ RunTime:0.000014s ]
INFO: [ app_init ] --END-- [ RunTime:0.000282s ]
INFO: [ app_begin ] --START--
INFO: Run Behavior\ReadHtmlCacheBehavior [ RunTime:0.000626s ]
INFO: [ app_begin ] --END-- [ RunTime:0.000691s ]
NOTIC: [2] Declaration of Home\Controller\IndexController::show() should be compatible with Think\Controller::show($content, $charset = '', $contentType = '', $prefix = '') E:\wamp\www\ThinkPHP\wode7.13\img\img\Home\Controller\IndexController.class.php 第 106 行.
SQL: SHOW COLUMNS FROM `shop` [ RunTime:0.0007s ]
SQL: SHOW COLUMNS FROM `shop` [ RunTime:0.0003s ]
SQL: SELECT s.id as aid,s.shopname as nm,m.id,m.imgpath FROM shop s left join shopimg as m on s.id=m.sid and m.start = 1  ORDER BY s.id  [ RunTime:0.0005s ]
INFO: [ view_parse ] --START--
INFO: [ template_filter ] --START--
INFO: Run Behavior\ContentReplaceBehavior [ RunTime:0.000037s ]
INFO: [ template_filter ] --END-- [ RunTime:0.000114s ]
INFO: Run Behavior\ParseTemplateBehavior [ RunTime:0.004952s ]
INFO: [ view_parse ] --END-- [ RunTime:0.005021s ]
INFO: [ view_filter ] --START--
INFO: Run Behavior\WriteHtmlCacheBehavior [ RunTime:0.000384s ]
INFO: [ view_filter ] --END-- [ RunTime:0.000441s ]
INFO: [ app_end ] --START--
INFO: Run Behavior\ShowPageTraceBehavior [ RunTime:0.000529s ]
INFO: [ app_end ] --END-- [ RunTime:0.000587s ]

[ 2018-07-16T09:25:50+08:00 ] ::1 /ThinkPHP/wode7.13/img/
INFO: [ app_init ] --START--
INFO: Run Behavior\BuildLiteBehavior [ RunTime:0.000015s ]
INFO: [ app_init ] --END-- [ RunTime:0.000298s ]
INFO: [ app_begin ] --START--
INFO: Run Behavior\ReadHtmlCacheBehavior [ RunTime:0.000725s ]
INFO: [ app_begin ] --END-- [ RunTime:0.000794s ]
NOTIC: [2] Declaration of Home\Controller\IndexController::show() should be compatible with Think\Controller::show($content, $charset = '', $contentType = '', $prefix = '') E:\wamp\www\ThinkPHP\wode7.13\img\img\Home\Controller\IndexController.class.php 第 106 行.
INFO: [ view_parse ] --START--
INFO: [ template_filter ] --START--
INFO: Run Behavior\ContentReplaceBehavior [ RunTime:0.000041s ]
INFO: [ template_filter ] --END-- [ RunTime:0.000112s ]
INFO: Run Behavior\ParseTemplateBehavior [ RunTime:0.003833s ]
INFO: [ view_parse ] --END-- [ RunTime:0.003895s ]
INFO: [ view_filter ] --START--
INFO: Run Behavior\WriteHtmlCacheBehavior [ RunTime:0.000365s ]
INFO: [ view_filter ] --END-- [ RunTime:0.000420s ]
INFO: [ app_end ] --START--
INFO: Run Behavior\ShowPageTraceBehavior [ RunTime:0.000532s ]
INFO: [ app_end ] --END-- [ RunTime:0.000594s ]

[ 2018-07-16T09:26:05+08:00 ] ::1 /ThinkPHP/wode7.13/img/index.php/Home/Index/add
INFO: [ app_init ] --START--
INFO: Run Behavior\BuildLiteBehavior [ RunTime:0.000015s ]
INFO: [ app_init ] --END-- [ RunTime:0.000298s ]
INFO: [ app_begin ] --START--
INFO: Run Behavior\ReadHtmlCacheBehavior [ RunTime:0.000506s ]
INFO: [ app_begin ] --END-- [ RunTime:0.000569s ]
NOTIC: [2] Declaration of Home\Controller\IndexController::show() should be compatible with Think\Controller::show($content, $charset = '', $contentType = '', $prefix = '') E:\wamp\www\ThinkPHP\wode7.13\img\img\Home\Controller\IndexController.class.php 第 106 行.
SQL: SHOW COLUMNS FROM `shop` [ RunTime:0.0007s ]
NOTIC: [8] Undefined index: validate E:\wamp\www\ThinkPHP\wode7.13\img\ThinkPHP\Library\Think\Model.class.php 第 1186 行.
NOTIC: [8] Undefined index: auto E:\wamp\www\ThinkPHP\wode7.13\img\ThinkPHP\Library\Think\Model.class.php 第 1129 行.
SQL: INSERT INTO `shop` (`shopname`) VALUES ('有高铁下') [ RunTime:0.0624s ]
NOTIC: [2] call_user_func() expects parameter 1 to be a valid callback, no array or string given E:\wamp\www\ThinkPHP\wode7.13\img\ThinkPHP\Library\Think\Upload.class.php 第 170 行.
NOTIC: [8] Undefined index: savepath E:\wamp\www\ThinkPHP\wode7.13\img\ThinkPHP\Library\Think\Upload.class.php 第 79 行.
NOTIC: [2] call_user_func() expects parameter 1 to be a valid callback, no array or string given E:\wamp\www\ThinkPHP\wode7.13\img\ThinkPHP\Library\Think\Upload.class.php 第 170 行.
NOTIC: [8] Undefined index: savepath E:\wamp\www\ThinkPHP\wode7.13\img\ThinkPHP\Library\Think\Upload.class.php 第 79 行.
NOTIC: [2] finfo_file(): Empty filename or path E:\wamp\www\ThinkPHP\wode7.13\img\ThinkPHP\Library\Think\Upload.class.php 第 152 行.
NOTIC: [2] finfo_file(): Empty filename or path E:\wamp\www\ThinkPHP\wode7.13\img\ThinkPHP\Library\Think\Upload.class.php 第 152 行.
SQL: SHOW COLUMNS FROM `shopimg` [ RunTime:0.0007s ]
SQL: INSERT INTO `shopimg` (`start`,`imgpath`,`sid`) VALUES ('1','/Uploads/5b4bf42d50575.jpg','36'),('0','/Uploads/5b4bf42d517ed.jpg','36') [ RunTime:0.0005s ]
INFO: [ view_parse ] --START--
INFO: [ template_filter ] --START--
INFO: Run Behavior\ContentReplaceBehavior [ RunTime:0.000044s ]
INFO: [ template_filter ] --END-- [ RunTime:0.000126s ]
INFO: Run Behavior\ParseTemplateBehavior [ RunTime:0.024810s ]
INFO: [ view_parse ] --END-- [ RunTime:0.024875s ]
INFO: [ view_filter ] --START--
INFO: Run Behavior\WriteHtmlCacheBehavior [ RunTime:0.000379s ]
INFO: [ view_filter ] --END-- [ RunTime:0.000435s ]

[ 2018-07-16T09:26:06+08:00 ] ::1 /ThinkPHP/wode7.13/img/index.php/Home/Index/show.html
INFO: [ app_init ] --START--
INFO: Run Behavior\BuildLiteBehavior [ RunTime:0.000013s ]
INFO: [ app_init ] --END-- [ RunTime:0.000281s ]
INFO: [ app_begin ] --START--
INFO: Run Behavior\ReadHtmlCacheBehavior [ RunTime:0.000704s ]
INFO: [ app_begin ] --END-- [ RunTime:0.000795s ]
NOTIC: [2] Declaration of Home\Controller\IndexController::show() should be compatible with Think\Controller::show($content, $charset = '', $contentType = '', $prefix = '') E:\wamp\www\ThinkPHP\wode7.13\img\img\Home\Controller\IndexController.class.php 第 106 行.
SQL: SHOW COLUMNS FROM `shop` [ RunTime:0.0006s ]
SQL: SHOW COLUMNS FROM `shop` [ RunTime:0.0003s ]
SQL: SELECT s.id as aid,s.shopname as nm,m.id,m.imgpath FROM shop s left join shopimg as m on s.id=m.sid and m.start = 1  ORDER BY s.id  [ RunTime:0.0006s ]
INFO: [ view_parse ] --START--
INFO: [ template_filter ] --START--
INFO: Run Behavior\ContentReplaceBehavior [ RunTime:0.000034s ]
INFO: [ template_filter ] --END-- [ RunTime:0.000098s ]
INFO: Run Behavior\ParseTemplateBehavior [ RunTime:0.006127s ]
INFO: [ view_parse ] --END-- [ RunTime:0.006217s ]
INFO: [ view_filter ] --START--
INFO: Run Behavior\WriteHtmlCacheBehavior [ RunTime:0.000373s ]
INFO: [ view_filter ] --END-- [ RunTime:0.000430s ]
INFO: [ app_end ] --START--
INFO: Run Behavior\ShowPageTraceBehavior [ RunTime:0.004109s ]
INFO: [ app_end ] --END-- [ RunTime:0.004165s ]

[ 2018-07-16T09:27:31+08:00 ] ::1 /ThinkPHP/wode7.13/img/index.php/Home/Index/show.html
INFO: [ app_init ] --START--
INFO: Run Behavior\BuildLiteBehavior [ RunTime:0.000014s ]
INFO: [ app_init ] --END-- [ RunTime:0.000289s ]
INFO: [ app_begin ] --START--
INFO: Run Behavior\ReadHtmlCacheBehavior [ RunTime:0.000517s ]
INFO: [ app_begin ] --END-- [ RunTime:0.000578s ]
NOTIC: [2] Declaration of Home\Controller\IndexController::show() should be compatible with Think\Controller::show($content, $charset = '', $contentType = '', $prefix = '') E:\wamp\www\ThinkPHP\wode7.13\img\img\Home\Controller\IndexController.class.php 第 106 行.
SQL: SHOW COLUMNS FROM `shop` [ RunTime:0.0007s ]
SQL: SHOW COLUMNS FROM `shop` [ RunTime:0.0003s ]
SQL: SELECT s.id as aid,s.shopname as nm,m.id,m.imgpath FROM shop s left join shopimg as m on s.id=m.sid and m.start = 1  ORDER BY s.id  [ RunTime:0.0007s ]
INFO: [ view_parse ] --START--
INFO: [ template_filter ] --START--
INFO: Run Behavior\ContentReplaceBehavior [ RunTime:0.000062s ]
INFO: [ template_filter ] --END-- [ RunTime:0.000169s ]
INFO: Run Behavior\ParseTemplateBehavior [ RunTime:0.007084s ]
INFO: [ view_parse ] --END-- [ RunTime:0.007285s ]
INFO: [ view_filter ] --START--
INFO: Run Behavior\WriteHtmlCacheBehavior [ RunTime:0.001199s ]
INFO: [ view_filter ] --END-- [ RunTime:0.001430s ]
INFO: [ app_end ] --START--
INFO: Run Behavior\ShowPageTraceBehavior [ RunTime:0.002129s ]
INFO: [ app_end ] --END-- [ RunTime:0.002480s ]

[ 2018-07-16T09:27:32+08:00 ] ::1 /ThinkPHP/wode7.13/img/index.php/Home/Index/show.html
INFO: [ app_init ] --START--
INFO: Run Behavior\BuildLiteBehavior [ RunTime:0.000014s ]
INFO: [ app_init ] --END-- [ RunTime:0.000302s ]
INFO: [ app_begin ] --START--
INFO: Run Behavior\ReadHtmlCacheBehavior [ RunTime:0.000605s ]
INFO: [ app_begin ] --END-- [ RunTime:0.000674s ]
NOTIC: [2] Declaration of Home\Controller\IndexController::show() should be compatible with Think\Controller::show($content, $charset = '', $contentType = '', $prefix = '') E:\wamp\www\ThinkPHP\wode7.13\img\img\Home\Controller\IndexController.class.php 第 106 行.
SQL: SHOW COLUMNS FROM `shop` [ RunTime:0.0453s ]
SQL: SHOW COLUMNS FROM `shop` [ RunTime:0.0009s ]
SQL: SELECT s.id as aid,s.shopname as nm,m.id,m.imgpath FROM shop s left join shopimg as m on s.id=m.sid and m.start = 1  ORDER BY s.id  [ RunTime:0.0144s ]
INFO: [ view_parse ] --START--
INFO: [ template_filter ] --START--
INFO: Run Behavior\ContentReplaceBehavior [ RunTime:0.000033s ]
INFO: [ template_filter ] --END-- [ RunTime:0.000095s ]
INFO: Run Behavior\ParseTemplateBehavior [ RunTime:0.004673s ]
INFO: [ view_parse ] --END-- [ RunTime:0.004761s ]
INFO: [ view_filter ] --START--
INFO: Run Behavior\WriteHtmlCacheBehavior [ RunTime:0.000473s ]
INFO: [ view_filter ] --END-- [ RunTime:0.000540s ]
INFO: [ app_end ] --START--
INFO: Run Behavior\ShowPageTraceBehavior [ RunTime:0.000526s ]
INFO: [ app_end ] --END-- [ RunTime:0.000584s ]

[ 2018-07-16T09:28:19+08:00 ] ::1 /ThinkPHP/wode7.13/img/index.php/Home/Index/show.html
INFO: [ app_init ] --START--
INFO: Run Behavior\BuildLiteBehavior [ RunTime:0.000016s ]
INFO: [ app_init ] --END-- [ RunTime:0.000359s ]
INFO: [ app_begin ] --START--
INFO: Run Behavior\ReadHtmlCacheBehavior [ RunTime:0.000516s ]
INFO: [ app_begin ] --END-- [ RunTime:0.000580s ]
NOTIC: [2] Declaration of Home\Controller\IndexController::show() should be compatible with Think\Controller::show($content, $charset = '', $contentType = '', $prefix = '') E:\wamp\www\ThinkPHP\wode7.13\img\img\Home\Controller\IndexController.class.php 第 106 行.
SQL: SHOW COLUMNS FROM `shop` [ RunTime:0.0006s ]
SQL: SHOW COLUMNS FROM `shop` [ RunTime:0.0003s ]
SQL: SELECT s.id as aid,s.shopname as nm,m.id,m.imgpath FROM shop s left join shopimg as m on s.id=m.sid and m.start = 1  ORDER BY s.id  [ RunTime:0.0003s ]
INFO: [ view_parse ] --START--
INFO: [ template_filter ] --START--
INFO: Run Behavior\ContentReplaceBehavior [ RunTime:0.000089s ]
INFO: [ template_filter ] --END-- [ RunTime:0.000262s ]
INFO: Run Behavior\ParseTemplateBehavior [ RunTime:0.006899s ]
INFO: [ view_parse ] --END-- [ RunTime:0.006967s ]
INFO: [ view_filter ] --START--
INFO: Run Behavior\WriteHtmlCacheBehavior [ RunTime:0.000424s ]
INFO: [ view_filter ] --END-- [ RunTime:0.000491s ]
INFO: [ app_end ] --START--
INFO: Run Behavior\ShowPageTraceBehavior [ RunTime:0.000528s ]
INFO: [ app_end ] --END-- [ RunTime:0.000585s ]

[ 2018-07-16T09:34:20+08:00 ] ::1 /ThinkPHP/wode7.13/img/index.php/Home/Index/show.html
INFO: [ app_init ] --START--
INFO: Run Behavior\BuildLiteBehavior [ RunTime:0.000015s ]
INFO: [ app_init ] --END-- [ RunTime:0.000319s ]
INFO: [ app_begin ] --START--
INFO: Run Behavior\ReadHtmlCacheBehavior [ RunTime:0.000822s ]
INFO: [ app_begin ] --END-- [ RunTime:0.000928s ]
NOTIC: [2] Declaration of Home\Controller\IndexController::show() should be compatible with Think\Controller::show($content, $charset = '', $contentType = '', $prefix = '') E:\wamp\www\ThinkPHP\wode7.13\img\img\Home\Controller\IndexController.class.php 第 106 行.
SQL: SHOW COLUMNS FROM `shop` [ RunTime:0.0006s ]
SQL: SHOW COLUMNS FROM `shop` [ RunTime:0.0004s ]
SQL: SELECT s.id as aid,s.shopname as nm,m.id,m.imgpath FROM shop s left join shopimg as m on s.id=m.sid and m.start = 1  ORDER BY s.id  [ RunTime:0.0003s ]
INFO: [ view_parse ] --START--
INFO: [ template_filter ] --START--
INFO: Run Behavior\ContentReplaceBehavior [ RunTime:0.000036s ]
INFO: [ template_filter ] --END-- [ RunTime:0.000097s ]
INFO: Run Behavior\ParseTemplateBehavior [ RunTime:0.005220s ]
INFO: [ view_parse ] --END-- [ RunTime:0.005287s ]
INFO: [ view_filter ] --START--
INFO: Run Behavior\WriteHtmlCacheBehavior [ RunTime:0.000428s ]
INFO: [ view_filter ] --END-- [ RunTime:0.000485s ]
INFO: [ app_end ] --START--
INFO: Run Behavior\ShowPageTraceBehavior [ RunTime:0.000567s ]
INFO: [ app_end ] --END-- [ RunTime:0.000624s ]

[ 2018-07-16T09:34:22+08:00 ] ::1 /ThinkPHP/wode7.13/img/index.php/Home/Index/show.html
INFO: [ app_init ] --START--
INFO: Run Behavior\BuildLiteBehavior [ RunTime:0.000020s ]
INFO: [ app_init ] --END-- [ RunTime:0.000401s ]
INFO: [ app_begin ] --START--
INFO: Run Behavior\ReadHtmlCacheBehavior [ RunTime:0.001678s ]
INFO: [ app_begin ] --END-- [ RunTime:0.001806s ]
NOTIC: [2] Declaration of Home\Controller\IndexController::show() should be compatible with Think\Controller::show($content, $charset = '', $contentType = '', $prefix = '') E:\wamp\www\ThinkPHP\wode7.13\img\img\Home\Controller\IndexController.class.php 第 106 行.
SQL: SHOW COLUMNS FROM `shop` [ RunTime:0.0004s ]
SQL: SHOW COLUMNS FROM `shop` [ RunTime:0.0003s ]
SQL: SELECT s.id as aid,s.shopname as nm,m.id,m.imgpath FROM shop s left join shopimg as m on s.id=m.sid and m.start = 1  ORDER BY s.id  [ RunTime:0.0005s ]
INFO: [ view_parse ] --START--
INFO: [ template_filter ] --START--
INFO: Run Behavior\ContentReplaceBehavior [ RunTime:0.000041s ]
INFO: [ template_filter ] --END-- [ RunTime:0.000114s ]
INFO: Run Behavior\ParseTemplateBehavior [ RunTime:0.005030s ]
INFO: [ view_parse ] --END-- [ RunTime:0.005146s ]
INFO: [ view_filter ] --START--
INFO: Run Behavior\WriteHtmlCacheBehavior [ RunTime:0.000393s ]
INFO: [ view_filter ] --END-- [ RunTime:0.000453s ]
INFO: [ app_end ] --START--
INFO: Run Behavior\ShowPageTraceBehavior [ RunTime:0.000519s ]
INFO: [ app_end ] --END-- [ RunTime:0.000576s ]

[ 2018-07-16T09:34:58+08:00 ] ::1 /ThinkPHP/wode7.13/img/index.php/Home/Index/add
INFO: [ app_init ] --START--
INFO: Run Behavior\BuildLiteBehavior [ RunTime:0.000014s ]
INFO: [ app_init ] --END-- [ RunTime:0.000354s ]
INFO: [ app_begin ] --START--
INFO: Run Behavior\ReadHtmlCacheBehavior [ RunTime:0.000506s ]
INFO: [ app_begin ] --END-- [ RunTime:0.000569s ]
NOTIC: [2] Declaration of Home\Controller\IndexController::show() should be compatible with Think\Controller::show($content, $charset = '', $contentType = '', $prefix = '') E:\wamp\www\ThinkPHP\wode7.13\img\img\Home\Controller\IndexController.class.php 第 106 行.
SQL: SHOW COLUMNS FROM `shop` [ RunTime:0.0007s ]
NOTIC: [8] Undefined index: validate E:\wamp\www\ThinkPHP\wode7.13\img\ThinkPHP\Library\Think\Model.class.php 第 1186 行.
NOTIC: [8] Undefined index: auto E:\wamp\www\ThinkPHP\wode7.13\img\ThinkPHP\Library\Think\Model.class.php 第 1129 行.
SQL: INSERT INTO `shop` (`shopname`) VALUES ('啦啦') [ RunTime:0.0002s ]
NOTIC: [2] call_user_func() expects parameter 1 to be a valid callback, no array or string given E:\wamp\www\ThinkPHP\wode7.13\img\ThinkPHP\Library\Think\Upload.class.php 第 170 行.
NOTIC: [8] Undefined index: savepath E:\wamp\www\ThinkPHP\wode7.13\img\ThinkPHP\Library\Think\Upload.class.php 第 79 行.
NOTIC: [2] call_user_func() expects parameter 1 to be a valid callback, no array or string given E:\wamp\www\ThinkPHP\wode7.13\img\ThinkPHP\Library\Think\Upload.class.php 第 170 行.
NOTIC: [8] Undefined index: savepath E:\wamp\www\ThinkPHP\wode7.13\img\ThinkPHP\Library\Think\Upload.class.php 第 79 行.
NOTIC: [2] call_user_func() expects parameter 1 to be a valid callback, no array or string given E:\wamp\www\ThinkPHP\wode7.13\img\ThinkPHP\Library\Think\Upload.class.php 第 170 行.
NOTIC: [8] Undefined index: savepath E:\wamp\www\ThinkPHP\wode7.13\img\ThinkPHP\Library\Think\Upload.class.php 第 79 行.
NOTIC: [2] finfo_file(): Empty filename or path E:\wamp\www\ThinkPHP\wode7.13\img\ThinkPHP\Library\Think\Upload.class.php 第 152 行.
SQL: SHOW COLUMNS FROM `shopimg` [ RunTime:0.0005s ]
SQL: INSERT INTO `shopimg` (`start`,`imgpath`,`sid`) VALUES ('1','/Uploads/5b4bf642ed71a.jpg','37'),('0','/Uploads/5b4bf642edea1.jpg','37'),('0','/Uploads/5b4bf642ee5ae.jpg','37') [ RunTime:0.0003s ]
INFO: [ view_parse ] --START--
INFO: [ template_filter ] --START--
INFO: Run Behavior\ContentReplaceBehavior [ RunTime:0.000050s ]
INFO: [ template_filter ] --END-- [ RunTime:0.000142s ]
INFO: Run Behavior\ParseTemplateBehavior [ RunTime:0.012579s ]
INFO: [ view_parse ] --END-- [ RunTime:0.012670s ]
INFO: [ view_filter ] --START--
INFO: Run Behavior\WriteHtmlCacheBehavior [ RunTime:0.000881s ]
INFO: [ view_filter ] --END-- [ RunTime:0.001006s ]

[ 2018-07-16T09:35:00+08:00 ] ::1 /ThinkPHP/wode7.13/img/index.php/Home/Index/show.html
INFO: [ app_init ] --START--
INFO: Run Behavior\BuildLiteBehavior [ RunTime:0.000013s ]
INFO: [ app_init ] --END-- [ RunTime:0.000287s ]
INFO: [ app_begin ] --START--
INFO: Run Behavior\ReadHtmlCacheBehavior [ RunTime:0.000542s ]
INFO: [ app_begin ] --END-- [ RunTime:0.000604s ]
NOTIC: [2] Declaration of Home\Controller\IndexController::show() should be compatible with Think\Controller::show($content, $charset = '', $contentType = '', $prefix = '') E:\wamp\www\ThinkPHP\wode7.13\img\img\Home\Controller\IndexController.class.php 第 106 行.
SQL: SHOW COLUMNS FROM `shop` [ RunTime:0.0005s ]
SQL: SHOW COLUMNS FROM `shop` [ RunTime:0.0004s ]
SQL: SELECT s.id as aid,s.shopname as nm,m.id,m.imgpath FROM shop s left join shopimg as m on s.id=m.sid and m.start = 1  ORDER BY s.id  [ RunTime:0.0004s ]
INFO: [ view_parse ] --START--
INFO: [ template_filter ] --START--
INFO: Run Behavior\ContentReplaceBehavior [ RunTime:0.000041s ]
INFO: [ template_filter ] --END-- [ RunTime:0.000112s ]
INFO: Run Behavior\ParseTemplateBehavior [ RunTime:0.004850s ]
INFO: [ view_parse ] --END-- [ RunTime:0.004921s ]
INFO: [ view_filter ] --START--
INFO: Run Behavior\WriteHtmlCacheBehavior [ RunTime:0.000520s ]
INFO: [ view_filter ] --END-- [ RunTime:0.000588s ]
INFO: [ app_end ] --START--
INFO: Run Behavior\ShowPageTraceBehavior [ RunTime:0.001616s ]
INFO: [ app_end ] --END-- [ RunTime:0.001704s ]

[ 2018-07-16T09:35:06+08:00 ] ::1 /ThinkPHP/wode7.13/img/index.php/Home/Index/show.html
INFO: [ app_init ] --START--
INFO: Run Behavior\BuildLiteBehavior [ RunTime:0.000015s ]
INFO: [ app_init ] --END-- [ RunTime:0.006078s ]
INFO: [ app_begin ] --START--
INFO: Run Behavior\ReadHtmlCacheBehavior [ RunTime:0.002695s ]
INFO: [ app_begin ] --END-- [ RunTime:0.002757s ]
NOTIC: [2] Declaration of Home\Controller\IndexController::show() should be compatible with Think\Controller::show($content, $charset = '', $contentType = '', $prefix = '') E:\wamp\www\ThinkPHP\wode7.13\img\img\Home\Controller\IndexController.class.php 第 106 行.
SQL: SHOW COLUMNS FROM `shop` [ RunTime:0.0007s ]
SQL: SHOW COLUMNS FROM `shop` [ RunTime:0.0013s ]
SQL: SELECT s.id as aid,s.shopname as nm,m.id,m.imgpath FROM shop s left join shopimg as m on s.id=m.sid and m.start = 1  ORDER BY s.id  [ RunTime:0.0004s ]
INFO: [ view_parse ] --START--
INFO: [ template_filter ] --START--
INFO: Run Behavior\ContentReplaceBehavior [ RunTime:0.000041s ]
INFO: [ template_filter ] --END-- [ RunTime:0.000113s ]
INFO: Run Behavior\ParseTemplateBehavior [ RunTime:0.004707s ]
INFO: [ view_parse ] --END-- [ RunTime:0.004771s ]
INFO: [ view_filter ] --START--
INFO: Run Behavior\WriteHtmlCacheBehavior [ RunTime:0.000373s ]
INFO: [ view_filter ] --END-- [ RunTime:0.000430s ]
INFO: [ app_end ] --START--
INFO: Run Behavior\ShowPageTraceBehavior [ RunTime:0.000512s ]
INFO: [ app_end ] --END-- [ RunTime:0.000569s ]

[ 2018-07-16T09:35:08+08:00 ] ::1 /ThinkPHP/wode7.13/img/index.php/Home/Index/show.html
INFO: [ app_init ] --START--
INFO: Run Behavior\BuildLiteBehavior [ RunTime:0.000021s ]
INFO: [ app_init ] --END-- [ RunTime:0.000397s ]
INFO: [ app_begin ] --START--
INFO: Run Behavior\ReadHtmlCacheBehavior [ RunTime:0.000676s ]
INFO: [ app_begin ] --END-- [ RunTime:0.000766s ]
NOTIC: [2] Declaration of Home\Controller\IndexController::show() should be compatible with Think\Controller::show($content, $charset = '', $contentType = '', $prefix = '') E:\wamp\www\ThinkPHP\wode7.13\img\img\Home\Controller\IndexController.class.php 第 106 行.
SQL: SHOW COLUMNS FROM `shop` [ RunTime:0.0006s ]
SQL: SHOW COLUMNS FROM `shop` [ RunTime:0.0014s ]
SQL: SELECT s.id as aid,s.shopname as nm,m.id,m.imgpath FROM shop s left join shopimg as m on s.id=m.sid and m.start = 1  ORDER BY s.id  [ RunTime:0.0004s ]
INFO: [ view_parse ] --START--
INFO: [ template_filter ] --START--
INFO: Run Behavior\ContentReplaceBehavior [ RunTime:0.000033s ]
INFO: [ template_filter ] --END-- [ RunTime:0.000100s ]
INFO: Run Behavior\ParseTemplateBehavior [ RunTime:0.008121s ]
INFO: [ view_parse ] --END-- [ RunTime:0.008236s ]
INFO: [ view_filter ] --START--
INFO: Run Behavior\WriteHtmlCacheBehavior [ RunTime:0.000668s ]
INFO: [ view_filter ] --END-- [ RunTime:0.000765s ]
INFO: [ app_end ] --START--
INFO: Run Behavior\ShowPageTraceBehavior [ RunTime:0.001205s ]
INFO: [ app_end ] --END-- [ RunTime:0.001435s ]

[ 2018-07-16T09:35:10+08:00 ] ::1 /ThinkPHP/wode7.13/img/index.php/Home/Index/show.html
INFO: [ app_init ] --START--
INFO: Run Behavior\BuildLiteBehavior [ RunTime:0.000021s ]
INFO: [ app_init ] --END-- [ RunTime:0.000403s ]
INFO: [ app_begin ] --START--
INFO: Run Behavior\ReadHtmlCacheBehavior [ RunTime:0.000675s ]
INFO: [ app_begin ] --END-- [ RunTime:0.000766s ]
NOTIC: [2] Declaration of Home\Controller\IndexController::show() should be compatible with Think\Controller::show($content, $charset = '', $contentType = '', $prefix = '') E:\wamp\www\ThinkPHP\wode7.13\img\img\Home\Controller\IndexController.class.php 第 106 行.
SQL: SHOW COLUMNS FROM `shop` [ RunTime:0.0011s ]
SQL: SHOW COLUMNS FROM `shop` [ RunTime:0.0003s ]
SQL: SELECT s.id as aid,s.shopname as nm,m.id,m.imgpath FROM shop s left join shopimg as m on s.id=m.sid and m.start = 1  ORDER BY s.id  [ RunTime:0.0003s ]
INFO: [ view_parse ] --START--
INFO: [ template_filter ] --START--
INFO: Run Behavior\ContentReplaceBehavior [ RunTime:0.000041s ]
INFO: [ template_filter ] --END-- [ RunTime:0.000118s ]
INFO: Run Behavior\ParseTemplateBehavior [ RunTime:0.004969s ]
INFO: [ view_parse ] --END-- [ RunTime:0.005052s ]
INFO: [ view_filter ] --START--
INFO: Run Behavior\WriteHtmlCacheBehavior [ RunTime:0.000412s ]
INFO: [ view_filter ] --END-- [ RunTime:0.000470s ]
INFO: [ app_end ] --START--
INFO: Run Behavior\ShowPageTraceBehavior [ RunTime:0.000535s ]
INFO: [ app_end ] --END-- [ RunTime:0.000593s ]

[ 2018-07-16T09:35:15+08:00 ] ::1 /ThinkPHP/wode7.13/img/index.php/Home/Index/show.html
INFO: [ app_init ] --START--
INFO: Run Behavior\BuildLiteBehavior [ RunTime:0.000015s ]
INFO: [ app_init ] --END-- [ RunTime:0.000305s ]
INFO: [ app_begin ] --START--
INFO: Run Behavior\ReadHtmlCacheBehavior [ RunTime:0.000506s ]
INFO: [ app_begin ] --END-- [ RunTime:0.000569s ]
NOTIC: [2] Declaration of Home\Controller\IndexController::show() should be compatible with Think\Controller::show($content, $charset = '', $contentType = '', $prefix = '') E:\wamp\www\ThinkPHP\wode7.13\img\img\Home\Controller\IndexController.class.php 第 106 行.
SQL: SHOW COLUMNS FROM `shop` [ RunTime:0.0004s ]
SQL: SHOW COLUMNS FROM `shop` [ RunTime:0.0003s ]
SQL: SELECT s.id as aid,s.shopname as nm,m.id,m.imgpath FROM shop s left join shopimg as m on s.id=m.sid and m.start = 1  ORDER BY s.id  [ RunTime:0.0003s ]
INFO: [ view_parse ] --START--
INFO: [ template_filter ] --START--
INFO: Run Behavior\ContentReplaceBehavior [ RunTime:0.000033s ]
INFO: [ template_filter ] --END-- [ RunTime:0.000097s ]
INFO: Run Behavior\ParseTemplateBehavior [ RunTime:0.006992s ]
INFO: [ view_parse ] --END-- [ RunTime:0.007054s ]
INFO: [ view_filter ] --START--
INFO: Run Behavior\WriteHtmlCacheBehavior [ RunTime:0.000374s ]
INFO: [ view_filter ] --END-- [ RunTime:0.000430s ]
INFO: [ app_end ] --START--
INFO: Run Behavior\ShowPageTraceBehavior [ RunTime:0.002345s ]
INFO: [ app_end ] --END-- [ RunTime:0.002402s ]

[ 2018-07-16T09:35:30+08:00 ] ::1 /ThinkPHP/wode7.13/img/index.php/Home/Index/add
INFO: [ app_init ] --START--
INFO: Run Behavior\BuildLiteBehavior [ RunTime:0.000015s ]
INFO: [ app_init ] --END-- [ RunTime:0.000297s ]
INFO: [ app_begin ] --START--
INFO: Run Behavior\ReadHtmlCacheBehavior [ RunTime:0.000492s ]
INFO: [ app_begin ] --END-- [ RunTime:0.000553s ]
NOTIC: [2] Declaration of Home\Controller\IndexController::show() should be compatible with Think\Controller::show($content, $charset = '', $contentType = '', $prefix = '') E:\wamp\www\ThinkPHP\wode7.13\img\img\Home\Controller\IndexController.class.php 第 106 行.
SQL: SHOW COLUMNS FROM `shop` [ RunTime:0.0004s ]
NOTIC: [8] Undefined index: validate E:\wamp\www\ThinkPHP\wode7.13\img\ThinkPHP\Library\Think\Model.class.php 第 1186 行.
NOTIC: [8] Undefined index: auto E:\wamp\www\ThinkPHP\wode7.13\img\ThinkPHP\Library\Think\Model.class.php 第 1129 行.
SQL: INSERT INTO `shop` (`shopname`) VALUES ('饿') [ RunTime:0.0002s ]
NOTIC: [2] call_user_func() expects parameter 1 to be a valid callback, no array or string given E:\wamp\www\ThinkPHP\wode7.13\img\ThinkPHP\Library\Think\Upload.class.php 第 170 行.
NOTIC: [8] Undefined index: savepath E:\wamp\www\ThinkPHP\wode7.13\img\ThinkPHP\Library\Think\Upload.class.php 第 79 行.
NOTIC: [2] call_user_func() expects parameter 1 to be a valid callback, no array or string given E:\wamp\www\ThinkPHP\wode7.13\img\ThinkPHP\Library\Think\Upload.class.php 第 170 行.
NOTIC: [8] Undefined index: savepath E:\wamp\www\ThinkPHP\wode7.13\img\ThinkPHP\Library\Think\Upload.class.php 第 79 行.
NOTIC: [2] call_user_func() expects parameter 1 to be a valid callback, no array or string given E:\wamp\www\ThinkPHP\wode7.13\img\ThinkPHP\Library\Think\Upload.class.php 第 170 行.
NOTIC: [8] Undefined index: savepath E:\wamp\www\ThinkPHP\wode7.13\img\ThinkPHP\Library\Think\Upload.class.php 第 79 行.
NOTIC: [2] finfo_file(): Empty filename or path E:\wamp\www\ThinkPHP\wode7.13\img\ThinkPHP\Library\Think\Upload.class.php 第 152 行.
SQL: SHOW COLUMNS FROM `shopimg` [ RunTime:0.0005s ]
SQL: INSERT INTO `shopimg` (`start`,`imgpath`,`sid`) VALUES ('1','/Uploads/5b4bf6624c668.jpg','38'),('0','/Uploads/5b4bf6624d004.jpg','38'),('0','/Uploads/5b4bf6624d625.jpg','38') [ RunTime:0.0003s ]
INFO: [ view_parse ] --START--
INFO: [ template_filter ] --START--
INFO: Run Behavior\ContentReplaceBehavior [ RunTime:0.000042s ]
INFO: [ template_filter ] --END-- [ RunTime:0.000117s ]
INFO: Run Behavior\ParseTemplateBehavior [ RunTime:0.005489s ]
INFO: [ view_parse ] --END-- [ RunTime:0.005583s ]
INFO: [ view_filter ] --START--
INFO: Run Behavior\WriteHtmlCacheBehavior [ RunTime:0.000508s ]
INFO: [ view_filter ] --END-- [ RunTime:0.000571s ]

[ 2018-07-16T09:35:31+08:00 ] ::1 /ThinkPHP/wode7.13/img/index.php/Home/Index/show.html
INFO: [ app_init ] --START--
INFO: Run Behavior\BuildLiteBehavior [ RunTime:0.000014s ]
INFO: [ app_init ] --END-- [ RunTime:0.000286s ]
INFO: [ app_begin ] --START--
INFO: Run Behavior\ReadHtmlCacheBehavior [ RunTime:0.000494s ]
INFO: [ app_begin ] --END-- [ RunTime:0.000555s ]
NOTIC: [2] Declaration of Home\Controller\IndexController::show() should be compatible with Think\Controller::show($content, $charset = '', $contentType = '', $prefix = '') E:\wamp\www\ThinkPHP\wode7.13\img\img\Home\Controller\IndexController.class.php 第 106 行.
SQL: SHOW COLUMNS FROM `shop` [ RunTime:0.0004s ]
SQL: SHOW COLUMNS FROM `shop` [ RunTime:0.0003s ]
SQL: SELECT s.id as aid,s.shopname as nm,m.id,m.imgpath FROM shop s left join shopimg as m on s.id=m.sid and m.start = 1  ORDER BY s.id  [ RunTime:0.0003s ]
INFO: [ view_parse ] --START--
INFO: [ template_filter ] --START--
INFO: Run Behavior\ContentReplaceBehavior [ RunTime:0.000033s ]
INFO: [ template_filter ] --END-- [ RunTime:0.000094s ]
INFO: Run Behavior\ParseTemplateBehavior [ RunTime:0.004617s ]
INFO: [ view_parse ] --END-- [ RunTime:0.004684s ]
INFO: [ view_filter ] --START--
INFO: Run Behavior\WriteHtmlCacheBehavior [ RunTime:0.000375s ]
INFO: [ view_filter ] --END-- [ RunTime:0.000431s ]
INFO: [ app_end ] --START--
INFO: Run Behavior\ShowPageTraceBehavior [ RunTime:0.000509s ]
INFO: [ app_end ] --END-- [ RunTime:0.000565s ]

[ 2018-07-16T09:36:14+08:00 ] ::1 /ThinkPHP/wode7.13/img/index.php/Home/Index/show.html
INFO: [ app_init ] --START--
INFO: Run Behavior\BuildLiteBehavior [ RunTime:0.000015s ]
INFO: [ app_init ] --END-- [ RunTime:0.000304s ]
INFO: [ app_begin ] --START--
INFO: Run Behavior\ReadHtmlCacheBehavior [ RunTime:0.000566s ]
INFO: [ app_begin ] --END-- [ RunTime:0.000628s ]
NOTIC: [2] Declaration of Home\Controller\IndexController::show() should be compatible with Think\Controller::show($content, $charset = '', $contentType = '', $prefix = '') E:\wamp\www\ThinkPHP\wode7.13\img\img\Home\Controller\IndexController.class.php 第 106 行.
SQL: SHOW COLUMNS FROM `shop` [ RunTime:0.0004s ]
SQL: SHOW COLUMNS FROM `shop` [ RunTime:0.0003s ]
SQL: SELECT s.id as aid,s.shopname as nm,m.id,m.imgpath FROM shop s left join shopimg as m on s.id=m.sid and m.start = 1  ORDER BY s.id  [ RunTime:0.0004s ]
INFO: [ view_parse ] --START--
INFO: [ template_filter ] --START--
INFO: Run Behavior\ContentReplaceBehavior [ RunTime:0.000042s ]
INFO: [ template_filter ] --END-- [ RunTime:0.000118s ]
INFO: Run Behavior\ParseTemplateBehavior [ RunTime:0.006232s ]
INFO: [ view_parse ] --END-- [ RunTime:0.006297s ]
INFO: [ view_filter ] --START--
INFO: Run Behavior\WriteHtmlCacheBehavior [ RunTime:0.000411s ]
INFO: [ view_filter ] --END-- [ RunTime:0.000466s ]
INFO: [ app_end ] --START--
INFO: Run Behavior\ShowPageTraceBehavior [ RunTime:0.000539s ]
INFO: [ app_end ] --END-- [ RunTime:0.000599s ]

[ 2018-07-16T09:36:15+08:00 ] ::1 /ThinkPHP/wode7.13/img/index.php/Home/Index/show.html
INFO: [ app_init ] --START--
INFO: Run Behavior\BuildLiteBehavior [ RunTime:0.000014s ]
INFO: [ app_init ] --END-- [ RunTime:0.000301s ]
INFO: [ app_begin ] --START--
INFO: Run Behavior\ReadHtmlCacheBehavior [ RunTime:0.000494s ]
INFO: [ app_begin ] --END-- [ RunTime:0.000554s ]
NOTIC: [2] Declaration of Home\Controller\IndexController::show() should be compatible with Think\Controller::show($content, $charset = '', $contentType = '', $prefix = '') E:\wamp\www\ThinkPHP\wode7.13\img\img\Home\Controller\IndexController.class.php 第 106 行.
SQL: SHOW COLUMNS FROM `shop` [ RunTime:0.0007s ]
SQL: SHOW COLUMNS FROM `shop` [ RunTime:0.0004s ]
SQL: SELECT s.id as aid,s.shopname as nm,m.id,m.imgpath FROM shop s left join shopimg as m on s.id=m.sid and m.start = 1  ORDER BY s.id  [ RunTime:0.0006s ]
INFO: [ view_parse ] --START--
INFO: [ template_filter ] --START--
INFO: Run Behavior\ContentReplaceBehavior [ RunTime:0.000033s ]
INFO: [ template_filter ] --END-- [ RunTime:0.000093s ]
INFO: Run Behavior\ParseTemplateBehavior [ RunTime:0.004558s ]
INFO: [ view_parse ] --END-- [ RunTime:0.004640s ]
INFO: [ view_filter ] --START--
INFO: Run Behavior\WriteHtmlCacheBehavior [ RunTime:0.000376s ]
INFO: [ view_filter ] --END-- [ RunTime:0.000432s ]
INFO: [ app_end ] --START--
INFO: Run Behavior\ShowPageTraceBehavior [ RunTime:0.000528s ]
INFO: [ app_end ] --END-- [ RunTime:0.000586s ]

[ 2018-07-16T09:36:15+08:00 ] ::1 /ThinkPHP/wode7.13/img/index.php/Home/Index/show.html
INFO: [ app_init ] --START--
INFO: Run Behavior\BuildLiteBehavior [ RunTime:0.000014s ]
INFO: [ app_init ] --END-- [ RunTime:0.000299s ]
INFO: [ app_begin ] --START--
INFO: Run Behavior\ReadHtmlCacheBehavior [ RunTime:0.000512s ]
INFO: [ app_begin ] --END-- [ RunTime:0.000571s ]
NOTIC: [2] Declaration of Home\Controller\IndexController::show() should be compatible with Think\Controller::show($content, $charset = '', $contentType = '', $prefix = '') E:\wamp\www\ThinkPHP\wode7.13\img\img\Home\Controller\IndexController.class.php 第 106 行.
SQL: SHOW COLUMNS FROM `shop` [ RunTime:0.0009s ]
SQL: SHOW COLUMNS FROM `shop` [ RunTime:0.0005s ]
SQL: SELECT s.id as aid,s.shopname as nm,m.id,m.imgpath FROM shop s left join shopimg as m on s.id=m.sid and m.start = 1  ORDER BY s.id  [ RunTime:0.0004s ]
INFO: [ view_parse ] --START--
INFO: [ template_filter ] --START--
INFO: Run Behavior\ContentReplaceBehavior [ RunTime:0.000032s ]
INFO: [ template_filter ] --END-- [ RunTime:0.000093s ]
INFO: Run Behavior\ParseTemplateBehavior [ RunTime:0.004604s ]
INFO: [ view_parse ] --END-- [ RunTime:0.004667s ]
INFO: [ view_filter ] --START--
INFO: Run Behavior\WriteHtmlCacheBehavior [ RunTime:0.000359s ]
INFO: [ view_filter ] --END-- [ RunTime:0.000415s ]
INFO: [ app_end ] --START--
INFO: Run Behavior\ShowPageTraceBehavior [ RunTime:0.000506s ]
INFO: [ app_end ] --END-- [ RunTime:0.000563s ]

[ 2018-07-16T12:10:38+08:00 ] 127.0.0.1 /ThinkPHP/wode7.13/img/
INFO: [ app_init ] --START--
INFO: Run Behavior\BuildLiteBehavior [ RunTime:0.000016s ]
INFO: [ app_init ] --END-- [ RunTime:0.000497s ]
INFO: [ app_begin ] --START--
INFO: Run Behavior\ReadHtmlCacheBehavior [ RunTime:0.001276s ]
INFO: [ app_begin ] --END-- [ RunTime:0.001434s ]
NOTIC: [2] Declaration of Home\Controller\IndexController::show() should be compatible with Think\Controller::show($content, $charset = '', $contentType = '', $prefix = '') E:\wamp\www\ThinkPHP\wode7.13\img\img\Home\Controller\IndexController.class.php 第 106 行.
INFO: [ view_parse ] --START--
INFO: [ template_filter ] --START--
INFO: Run Behavior\ContentReplaceBehavior [ RunTime:0.000039s ]
INFO: [ template_filter ] --END-- [ RunTime:0.000128s ]
INFO: Run Behavior\ParseTemplateBehavior [ RunTime:0.005644s ]
INFO: [ view_parse ] --END-- [ RunTime:0.005756s ]
INFO: [ view_filter ] --START--
INFO: Run Behavior\WriteHtmlCacheBehavior [ RunTime:0.000395s ]
INFO: [ view_filter ] --END-- [ RunTime:0.000451s ]
INFO: [ app_end ] --START--
INFO: Run Behavior\ShowPageTraceBehavior [ RunTime:0.000506s ]
INFO: [ app_end ] --END-- [ RunTime:0.000563s ]

[ 2018-07-16T12:10:54+08:00 ] 127.0.0.1 /ThinkPHP/wode7.13/img/index.php/Home/Index/add
INFO: [ app_init ] --START--
INFO: Run Behavior\BuildLiteBehavior [ RunTime:0.000021s ]
INFO: [ app_init ] --END-- [ RunTime:0.000416s ]
INFO: [ app_begin ] --START--
INFO: Run Behavior\ReadHtmlCacheBehavior [ RunTime:0.002255s ]
INFO: [ app_begin ] --END-- [ RunTime:0.002449s ]
NOTIC: [2] Declaration of Home\Controller\IndexController::show() should be compatible with Think\Controller::show($content, $charset = '', $contentType = '', $prefix = '') E:\wamp\www\ThinkPHP\wode7.13\img\img\Home\Controller\IndexController.class.php 第 106 行.
SQL: SHOW COLUMNS FROM `shop` [ RunTime:0.0029s ]
NOTIC: [8] Undefined index: validate E:\wamp\www\ThinkPHP\wode7.13\img\ThinkPHP\Library\Think\Model.class.php 第 1186 行.
NOTIC: [8] Undefined index: auto E:\wamp\www\ThinkPHP\wode7.13\img\ThinkPHP\Library\Think\Model.class.php 第 1129 行.
SQL: INSERT INTO `shop` (`shopname`) VALUES ('四舍五入') [ RunTime:0.0027s ]
NOTIC: [2] finfo_file(): Empty filename or path E:\wamp\www\ThinkPHP\wode7.13\img\ThinkPHP\Library\Think\Upload.class.php 第 152 行.
NOTIC: [2] finfo_file(): Empty filename or path E:\wamp\www\ThinkPHP\wode7.13\img\ThinkPHP\Library\Think\Upload.class.php 第 152 行.
NOTIC: [2] call_user_func() expects parameter 1 to be a valid callback, no array or string given E:\wamp\www\ThinkPHP\wode7.13\img\ThinkPHP\Library\Think\Upload.class.php 第 170 行.
NOTIC: [8] Undefined index: savepath E:\wamp\www\ThinkPHP\wode7.13\img\ThinkPHP\Library\Think\Upload.class.php 第 79 行.
NOTIC: [2] call_user_func() expects parameter 1 to be a valid callback, no array or string given E:\wamp\www\ThinkPHP\wode7.13\img\ThinkPHP\Library\Think\Upload.class.php 第 170 行.
NOTIC: [8] Undefined index: savepath E:\wamp\www\ThinkPHP\wode7.13\img\ThinkPHP\Library\Think\Upload.class.php 第 79 行.
ERR: 水印图像不存在

[ 2018-07-16T12:11:44+08:00 ] 127.0.0.1 /ThinkPHP/wode7.13/img/
INFO: [ app_init ] --START--
INFO: Run Behavior\BuildLiteBehavior [ RunTime:0.000015s ]
INFO: [ app_init ] --END-- [ RunTime:0.000290s ]
INFO: [ app_begin ] --START--
INFO: Run Behavior\ReadHtmlCacheBehavior [ RunTime:0.000512s ]
INFO: [ app_begin ] --END-- [ RunTime:0.000572s ]
NOTIC: [2] Declaration of Home\Controller\IndexController::show() should be compatible with Think\Controller::show($content, $charset = '', $contentType = '', $prefix = '') E:\wamp\www\ThinkPHP\wode7.13\img\img\Home\Controller\IndexController.class.php 第 109 行.
INFO: [ view_parse ] --START--
INFO: [ template_filter ] --START--
INFO: Run Behavior\ContentReplaceBehavior [ RunTime:0.000035s ]
INFO: [ template_filter ] --END-- [ RunTime:0.000104s ]
INFO: Run Behavior\ParseTemplateBehavior [ RunTime:0.003925s ]
INFO: [ view_parse ] --END-- [ RunTime:0.004002s ]
INFO: [ view_filter ] --START--
INFO: Run Behavior\WriteHtmlCacheBehavior [ RunTime:0.000421s ]
INFO: [ view_filter ] --END-- [ RunTime:0.000491s ]
INFO: [ app_end ] --START--
INFO: Run Behavior\ShowPageTraceBehavior [ RunTime:0.000690s ]
INFO: [ app_end ] --END-- [ RunTime:0.000768s ]

[ 2018-07-16T12:11:44+08:00 ] 127.0.0.1 /ThinkPHP/wode7.13/img/
INFO: [ app_init ] --START--
INFO: Run Behavior\BuildLiteBehavior [ RunTime:0.000015s ]
INFO: [ app_init ] --END-- [ RunTime:0.000296s ]
INFO: [ app_begin ] --START--
INFO: Run Behavior\ReadHtmlCacheBehavior [ RunTime:0.000516s ]
INFO: [ app_begin ] --END-- [ RunTime:0.000576s ]
NOTIC: [2] Declaration of Home\Controller\IndexController::show() should be compatible with Think\Controller::show($content, $charset = '', $contentType = '', $prefix = '') E:\wamp\www\ThinkPHP\wode7.13\img\img\Home\Controller\IndexController.class.php 第 109 行.
INFO: [ view_parse ] --START--
INFO: [ template_filter ] --START--
INFO: Run Behavior\ContentReplaceBehavior [ RunTime:0.000032s ]
INFO: [ template_filter ] --END-- [ RunTime:0.000095s ]
INFO: Run Behavior\ParseTemplateBehavior [ RunTime:0.003827s ]
INFO: [ view_parse ] --END-- [ RunTime:0.003907s ]
INFO: [ view_filter ] --START--
INFO: Run Behavior\WriteHtmlCacheBehavior [ RunTime:0.000556s ]
INFO: [ view_filter ] --END-- [ RunTime:0.000642s ]
INFO: [ app_end ] --START--
INFO: Run Behavior\ShowPageTraceBehavior [ RunTime:0.000712s ]
INFO: [ app_end ] --END-- [ RunTime:0.000795s ]

[ 2018-07-16T12:11:44+08:00 ] 127.0.0.1 /ThinkPHP/wode7.13/img/
INFO: [ app_init ] --START--
INFO: Run Behavior\BuildLiteBehavior [ RunTime:0.000014s ]
INFO: [ app_init ] --END-- [ RunTime:0.000303s ]
INFO: [ app_begin ] --START--
INFO: Run Behavior\ReadHtmlCacheBehavior [ RunTime:0.000512s ]
INFO: [ app_begin ] --END-- [ RunTime:0.000572s ]
NOTIC: [2] Declaration of Home\Controller\IndexController::show() should be compatible with Think\Controller::show($content, $charset = '', $contentType = '', $prefix = '') E:\wamp\www\ThinkPHP\wode7.13\img\img\Home\Controller\IndexController.class.php 第 109 行.
INFO: [ view_parse ] --START--
INFO: [ template_filter ] --START--
INFO: Run Behavior\ContentReplaceBehavior [ RunTime:0.000042s ]
INFO: [ template_filter ] --END-- [ RunTime:0.000163s ]
INFO: Run Behavior\ParseTemplateBehavior [ RunTime:0.005027s ]
INFO: [ view_parse ] --END-- [ RunTime:0.005091s ]
INFO: [ view_filter ] --START--
INFO: Run Behavior\WriteHtmlCacheBehavior [ RunTime:0.000394s ]
INFO: [ view_filter ] --END-- [ RunTime:0.000450s ]
INFO: [ app_end ] --START--
INFO: Run Behavior\ShowPageTraceBehavior [ RunTime:0.000537s ]
INFO: [ app_end ] --END-- [ RunTime:0.000595s ]

[ 2018-07-16T12:11:51+08:00 ] 127.0.0.1 /ThinkPHP/wode7.13/img/index.php/Home/Index/add
INFO: [ app_init ] --START--
INFO: Run Behavior\BuildLiteBehavior [ RunTime:0.000014s ]
INFO: [ app_init ] --END-- [ RunTime:0.000313s ]
INFO: [ app_begin ] --START--
INFO: Run Behavior\ReadHtmlCacheBehavior [ RunTime:0.000628s ]
INFO: [ app_begin ] --END-- [ RunTime:0.000692s ]
NOTIC: [2] Declaration of Home\Controller\IndexController::show() should be compatible with Think\Controller::show($content, $charset = '', $contentType = '', $prefix = '') E:\wamp\www\ThinkPHP\wode7.13\img\img\Home\Controller\IndexController.class.php 第 109 行.
SQL: SHOW COLUMNS FROM `shop` [ RunTime:0.0006s ]
NOTIC: [8] Undefined index: validate E:\wamp\www\ThinkPHP\wode7.13\img\ThinkPHP\Library\Think\Model.class.php 第 1186 行.
NOTIC: [8] Undefined index: auto E:\wamp\www\ThinkPHP\wode7.13\img\ThinkPHP\Library\Think\Model.class.php 第 1129 行.
SQL: INSERT INTO `shop` (`shopname`) VALUES ('事物') [ RunTime:0.0002s ]
NOTIC: [2] finfo_file(): Empty filename or path E:\wamp\www\ThinkPHP\wode7.13\img\ThinkPHP\Library\Think\Upload.class.php 第 152 行.
NOTIC: [2] call_user_func() expects parameter 1 to be a valid callback, no array or string given E:\wamp\www\ThinkPHP\wode7.13\img\ThinkPHP\Library\Think\Upload.class.php 第 170 行.
NOTIC: [8] Undefined index: savepath E:\wamp\www\ThinkPHP\wode7.13\img\ThinkPHP\Library\Think\Upload.class.php 第 79 行.
NOTIC: [2] finfo_file(): Empty filename or path E:\wamp\www\ThinkPHP\wode7.13\img\ThinkPHP\Library\Think\Upload.class.php 第 152 行.
NOTIC: [2] finfo_file(): Empty filename or path E:\wamp\www\ThinkPHP\wode7.13\img\ThinkPHP\Library\Think\Upload.class.php 第 152 行.

[ 2018-07-16T12:13:10+08:00 ] 127.0.0.1 /ThinkPHP/wode7.13/img/
INFO: [ app_init ] --START--
INFO: Run Behavior\BuildLiteBehavior [ RunTime:0.000015s ]
INFO: [ app_init ] --END-- [ RunTime:0.000308s ]
INFO: [ app_begin ] --START--
INFO: Run Behavior\ReadHtmlCacheBehavior [ RunTime:0.000552s ]
INFO: [ app_begin ] --END-- [ RunTime:0.000621s ]
NOTIC: [2] Declaration of Home\Controller\IndexController::show() should be compatible with Think\Controller::show($content, $charset = '', $contentType = '', $prefix = '') E:\wamp\www\ThinkPHP\wode7.13\img\img\Home\Controller\IndexController.class.php 第 110 行.
INFO: [ view_parse ] --START--
INFO: [ template_filter ] --START--
INFO: Run Behavior\ContentReplaceBehavior [ RunTime:0.000034s ]
INFO: [ template_filter ] --END-- [ RunTime:0.000097s ]
INFO: Run Behavior\ParseTemplateBehavior [ RunTime:0.003866s ]
INFO: [ view_parse ] --END-- [ RunTime:0.003929s ]
INFO: [ view_filter ] --START--
INFO: Run Behavior\WriteHtmlCacheBehavior [ RunTime:0.000370s ]
INFO: [ view_filter ] --END-- [ RunTime:0.000426s ]
INFO: [ app_end ] --START--
INFO: Run Behavior\ShowPageTraceBehavior [ RunTime:0.000506s ]
INFO: [ app_end ] --END-- [ RunTime:0.000562s ]

[ 2018-07-16T12:13:11+08:00 ] 127.0.0.1 /ThinkPHP/wode7.13/img/
INFO: [ app_init ] --START--
INFO: Run Behavior\BuildLiteBehavior [ RunTime:0.000014s ]
INFO: [ app_init ] --END-- [ RunTime:0.000292s ]
INFO: [ app_begin ] --START--
INFO: Run Behavior\ReadHtmlCacheBehavior [ RunTime:0.000495s ]
INFO: [ app_begin ] --END-- [ RunTime:0.000563s ]
NOTIC: [2] Declaration of Home\Controller\IndexController::show() should be compatible with Think\Controller::show($content, $charset = '', $contentType = '', $prefix = '') E:\wamp\www\ThinkPHP\wode7.13\img\img\Home\Controller\IndexController.class.php 第 110 行.
INFO: [ view_parse ] --START--
INFO: [ template_filter ] --START--
INFO: Run Behavior\ContentReplaceBehavior [ RunTime:0.000075s ]
INFO: [ template_filter ] --END-- [ RunTime:0.000147s ]
INFO: Run Behavior\ParseTemplateBehavior [ RunTime:0.004542s ]
INFO: [ view_parse ] --END-- [ RunTime:0.004775s ]
INFO: [ view_filter ] --START--
INFO: Run Behavior\WriteHtmlCacheBehavior [ RunTime:0.001254s ]
INFO: [ view_filter ] --END-- [ RunTime:0.001388s ]
INFO: [ app_end ] --START--
INFO: Run Behavior\ShowPageTraceBehavior [ RunTime:0.000563s ]
INFO: [ app_end ] --END-- [ RunTime:0.000621s ]

[ 2018-07-16T12:13:15+08:00 ] 127.0.0.1 /ThinkPHP/wode7.13/img/index.php/Home/Index/add
INFO: [ app_init ] --START--
INFO: Run Behavior\BuildLiteBehavior [ RunTime:0.000014s ]
INFO: [ app_init ] --END-- [ RunTime:0.000287s ]
INFO: [ app_begin ] --START--
INFO: Run Behavior\ReadHtmlCacheBehavior [ RunTime:0.000574s ]
INFO: [ app_begin ] --END-- [ RunTime:0.000658s ]
NOTIC: [2] Declaration of Home\Controller\IndexController::show() should be compatible with Think\Controller::show($content, $charset = '', $contentType = '', $prefix = '') E:\wamp\www\ThinkPHP\wode7.13\img\img\Home\Controller\IndexController.class.php 第 110 行.
SQL: SHOW COLUMNS FROM `shop` [ RunTime:0.0006s ]
NOTIC: [8] Undefined index: validate E:\wamp\www\ThinkPHP\wode7.13\img\ThinkPHP\Library\Think\Model.class.php 第 1186 行.
NOTIC: [8] Undefined index: auto E:\wamp\www\ThinkPHP\wode7.13\img\ThinkPHP\Library\Think\Model.class.php 第 1129 行.
SQL: INSERT INTO `shop` (`shopname`) VALUES ('') [ RunTime:0.0003s ]
NOTIC: [2] finfo_file(): Empty filename or path E:\wamp\www\ThinkPHP\wode7.13\img\ThinkPHP\Library\Think\Upload.class.php 第 152 行.
NOTIC: [2] finfo_file(): Empty filename or path E:\wamp\www\ThinkPHP\wode7.13\img\ThinkPHP\Library\Think\Upload.class.php 第 152 行.
NOTIC: [2] call_user_func() expects parameter 1 to be a valid callback, no array or string given E:\wamp\www\ThinkPHP\wode7.13\img\ThinkPHP\Library\Think\Upload.class.php 第 170 行.
NOTIC: [8] Undefined index: savepath E:\wamp\www\ThinkPHP\wode7.13\img\ThinkPHP\Library\Think\Upload.class.php 第 79 行.
NOTIC: [2] finfo_file(): Empty filename or path E:\wamp\www\ThinkPHP\wode7.13\img\ThinkPHP\Library\Think\Upload.class.php 第 152 行.
ERR: 水印图像不存在

[ 2018-07-16T12:13:36+08:00 ] 127.0.0.1 /ThinkPHP/wode7.13/img/index.php/Home/Index/add
INFO: [ app_init ] --START--
INFO: Run Behavior\BuildLiteBehavior [ RunTime:0.000022s ]
INFO: [ app_init ] --END-- [ RunTime:0.000300s ]
INFO: [ app_begin ] --START--
INFO: Run Behavior\ReadHtmlCacheBehavior [ RunTime:0.000491s ]
INFO: [ app_begin ] --END-- [ RunTime:0.000554s ]
NOTIC: [2] Declaration of Home\Controller\IndexController::show() should be compatible with Think\Controller::show($content, $charset = '', $contentType = '', $prefix = '') E:\wamp\www\ThinkPHP\wode7.13\img\img\Home\Controller\IndexController.class.php 第 110 行.
SQL: SHOW COLUMNS FROM `shop` [ RunTime:0.0005s ]
NOTIC: [8] Undefined index: validate E:\wamp\www\ThinkPHP\wode7.13\img\ThinkPHP\Library\Think\Model.class.php 第 1186 行.
NOTIC: [8] Undefined index: auto E:\wamp\www\ThinkPHP\wode7.13\img\ThinkPHP\Library\Think\Model.class.php 第 1129 行.
SQL: INSERT INTO `shop` (`shopname`) VALUES ('') [ RunTime:0.0003s ]
NOTIC: [2] finfo_file(): Empty filename or path E:\wamp\www\ThinkPHP\wode7.13\img\ThinkPHP\Library\Think\Upload.class.php 第 152 行.
NOTIC: [2] finfo_file(): Empty filename or path E:\wamp\www\ThinkPHP\wode7.13\img\ThinkPHP\Library\Think\Upload.class.php 第 152 行.
NOTIC: [2] call_user_func() expects parameter 1 to be a valid callback, no array or string given E:\wamp\www\ThinkPHP\wode7.13\img\ThinkPHP\Library\Think\Upload.class.php 第 170 行.
NOTIC: [8] Undefined index: savepath E:\wamp\www\ThinkPHP\wode7.13\img\ThinkPHP\Library\Think\Upload.class.php 第 79 行.
NOTIC: [2] finfo_file(): Empty filename or path E:\wamp\www\ThinkPHP\wode7.13\img\ThinkPHP\Library\Think\Upload.class.php 第 152 行.

